{"/home/ilya/Documents/college-3-semester/marketplace/app.js": {"path":"/home/ilya/Documents/college-3-semester/marketplace/app.js","statementMap":{"0":{"start":{"line":1,"column":16},"end":{"line":1,"column":34}},"1":{"start":{"line":2,"column":11},"end":{"line":2,"column":24}},"2":{"start":{"line":3,"column":13},"end":{"line":3,"column":28}},"3":{"start":{"line":5,"column":15},"end":{"line":5,"column":32}},"4":{"start":{"line":6,"column":19},"end":{"line":6,"column":41}},"5":{"start":{"line":7,"column":16},"end":{"line":7,"column":42}},"6":{"start":{"line":9,"column":22},"end":{"line":9,"column":50}},"7":{"start":{"line":10,"column":26},"end":{"line":10,"column":58}},"8":{"start":{"line":11,"column":26},"end":{"line":11,"column":58}},"9":{"start":{"line":12,"column":25},"end":{"line":12,"column":56}},"10":{"start":{"line":13,"column":22},"end":{"line":13,"column":50}},"11":{"start":{"line":14,"column":22},"end":{"line":14,"column":50}},"12":{"start":{"line":15,"column":23},"end":{"line":15,"column":52}},"13":{"start":{"line":18,"column":12},"end":{"line":18,"column":21}},"14":{"start":{"line":19,"column":0},"end":{"line":19,"column":24}},"15":{"start":{"line":20,"column":13},"end":{"line":20,"column":17}},"16":{"start":{"line":22,"column":0},"end":{"line":22,"column":16}},"17":{"start":{"line":24,"column":0},"end":{"line":24,"column":27}},"18":{"start":{"line":25,"column":0},"end":{"line":25,"column":51}},"19":{"start":{"line":29,"column":0},"end":{"line":34,"column":4}},"20":{"start":{"line":36,"column":0},"end":{"line":42,"column":3}},"21":{"start":{"line":37,"column":4},"end":{"line":41,"column":5}},"22":{"start":{"line":38,"column":8},"end":{"line":38,"column":35}},"23":{"start":{"line":40,"column":8},"end":{"line":40,"column":36}},"24":{"start":{"line":44,"column":0},"end":{"line":57,"column":3}},"25":{"start":{"line":45,"column":4},"end":{"line":47,"column":5}},"26":{"start":{"line":46,"column":8},"end":{"line":46,"column":38}},"27":{"start":{"line":48,"column":4},"end":{"line":56,"column":5}},"28":{"start":{"line":49,"column":8},"end":{"line":49,"column":39}},"29":{"start":{"line":50,"column":11},"end":{"line":56,"column":5}},"30":{"start":{"line":51,"column":31},"end":{"line":51,"column":130}},"31":{"start":{"line":52,"column":27},"end":{"line":52,"column":132}},"32":{"start":{"line":53,"column":8},"end":{"line":53,"column":70}},"33":{"start":{"line":54,"column":11},"end":{"line":56,"column":5}},"34":{"start":{"line":55,"column":8},"end":{"line":55,"column":36}},"35":{"start":{"line":60,"column":4},"end":{"line":64,"column":5}},"36":{"start":{"line":61,"column":8},"end":{"line":61,"column":15}},"37":{"start":{"line":63,"column":8},"end":{"line":63,"column":31}},"38":{"start":{"line":70,"column":0},"end":{"line":72,"column":3}},"39":{"start":{"line":71,"column":4},"end":{"line":71,"column":93}},"40":{"start":{"line":74,"column":0},"end":{"line":128,"column":3}},"41":{"start":{"line":75,"column":48},"end":{"line":75,"column":56}},"42":{"start":{"line":77,"column":4},"end":{"line":127,"column":5}},"43":{"start":{"line":78,"column":8},"end":{"line":124,"column":9}},"44":{"start":{"line":79,"column":12},"end":{"line":81,"column":13}},"45":{"start":{"line":80,"column":16},"end":{"line":80,"column":80}},"46":{"start":{"line":83,"column":12},"end":{"line":85,"column":13}},"47":{"start":{"line":84,"column":16},"end":{"line":84,"column":113}},"48":{"start":{"line":87,"column":30},"end":{"line":87,"column":107}},"49":{"start":{"line":89,"column":12},"end":{"line":91,"column":13}},"50":{"start":{"line":90,"column":16},"end":{"line":90,"column":87}},"51":{"start":{"line":93,"column":35},"end":{"line":93,"column":66}},"52":{"start":{"line":95,"column":31},"end":{"line":98,"column":13}},"53":{"start":{"line":99,"column":12},"end":{"line":99,"column":44}},"54":{"start":{"line":101,"column":29},"end":{"line":101,"column":47}},"55":{"start":{"line":103,"column":12},"end":{"line":118,"column":13}},"56":{"start":{"line":104,"column":16},"end":{"line":107,"column":18}},"57":{"start":{"line":108,"column":19},"end":{"line":118,"column":13}},"58":{"start":{"line":109,"column":39},"end":{"line":112,"column":17}},"59":{"start":{"line":114,"column":16},"end":{"line":117,"column":18}},"60":{"start":{"line":119,"column":12},"end":{"line":119,"column":44}},"61":{"start":{"line":121,"column":12},"end":{"line":121,"column":35}},"62":{"start":{"line":123,"column":12},"end":{"line":123,"column":93}},"63":{"start":{"line":126,"column":8},"end":{"line":126,"column":55}},"64":{"start":{"line":130,"column":0},"end":{"line":132,"column":3}},"65":{"start":{"line":131,"column":4},"end":{"line":131,"column":90}},"66":{"start":{"line":134,"column":0},"end":{"line":164,"column":3}},"67":{"start":{"line":135,"column":31},"end":{"line":135,"column":39}},"68":{"start":{"line":137,"column":4},"end":{"line":163,"column":5}},"69":{"start":{"line":138,"column":8},"end":{"line":160,"column":9}},"70":{"start":{"line":139,"column":27},"end":{"line":139,"column":105}},"71":{"start":{"line":141,"column":12},"end":{"line":143,"column":13}},"72":{"start":{"line":142,"column":16},"end":{"line":142,"column":92}},"73":{"start":{"line":145,"column":25},"end":{"line":145,"column":39}},"74":{"start":{"line":146,"column":26},"end":{"line":146,"column":71}},"75":{"start":{"line":148,"column":12},"end":{"line":157,"column":13}},"76":{"start":{"line":149,"column":16},"end":{"line":153,"column":18}},"77":{"start":{"line":154,"column":16},"end":{"line":154,"column":34}},"78":{"start":{"line":156,"column":16},"end":{"line":156,"column":74}},"79":{"start":{"line":159,"column":12},"end":{"line":159,"column":87}},"80":{"start":{"line":162,"column":8},"end":{"line":162,"column":55}},"81":{"start":{"line":166,"column":0},"end":{"line":169,"column":3}},"82":{"start":{"line":167,"column":4},"end":{"line":167,"column":26}},"83":{"start":{"line":168,"column":4},"end":{"line":168,"column":91}},"84":{"start":{"line":172,"column":0},"end":{"line":174,"column":3}},"85":{"start":{"line":173,"column":4},"end":{"line":173,"column":90}},"86":{"start":{"line":176,"column":0},"end":{"line":178,"column":3}},"87":{"start":{"line":177,"column":4},"end":{"line":177,"column":92}},"88":{"start":{"line":180,"column":0},"end":{"line":195,"column":3}},"89":{"start":{"line":181,"column":17},"end":{"line":181,"column":33}},"90":{"start":{"line":182,"column":4},"end":{"line":184,"column":5}},"91":{"start":{"line":183,"column":8},"end":{"line":183,"column":78}},"92":{"start":{"line":186,"column":4},"end":{"line":194,"column":5}},"93":{"start":{"line":187,"column":29},"end":{"line":187,"column":73}},"94":{"start":{"line":188,"column":33},"end":{"line":188,"column":97}},"95":{"start":{"line":189,"column":21},"end":{"line":189,"column":81}},"96":{"start":{"line":190,"column":8},"end":{"line":190,"column":38}},"97":{"start":{"line":192,"column":8},"end":{"line":192,"column":29}},"98":{"start":{"line":193,"column":8},"end":{"line":193,"column":55}},"99":{"start":{"line":197,"column":0},"end":{"line":199,"column":3}},"100":{"start":{"line":198,"column":4},"end":{"line":198,"column":89}},"101":{"start":{"line":201,"column":0},"end":{"line":232,"column":3}},"102":{"start":{"line":202,"column":17},"end":{"line":202,"column":33}},"103":{"start":{"line":203,"column":4},"end":{"line":205,"column":5}},"104":{"start":{"line":204,"column":8},"end":{"line":204,"column":78}},"105":{"start":{"line":207,"column":4},"end":{"line":231,"column":5}},"106":{"start":{"line":208,"column":29},"end":{"line":208,"column":73}},"107":{"start":{"line":209,"column":33},"end":{"line":209,"column":97}},"108":{"start":{"line":211,"column":28},"end":{"line":225,"column":11}},"109":{"start":{"line":212,"column":28},"end":{"line":212,"column":82}},"110":{"start":{"line":213,"column":25},"end":{"line":213,"column":73}},"111":{"start":{"line":215,"column":12},"end":{"line":224,"column":14}},"112":{"start":{"line":227,"column":8},"end":{"line":227,"column":40}},"113":{"start":{"line":229,"column":8},"end":{"line":229,"column":29}},"114":{"start":{"line":230,"column":8},"end":{"line":230,"column":72}},"115":{"start":{"line":235,"column":0},"end":{"line":237,"column":3}},"116":{"start":{"line":236,"column":4},"end":{"line":236,"column":98}},"117":{"start":{"line":239,"column":0},"end":{"line":267,"column":3}},"118":{"start":{"line":240,"column":4},"end":{"line":266,"column":5}},"119":{"start":{"line":241,"column":21},"end":{"line":241,"column":37}},"120":{"start":{"line":242,"column":8},"end":{"line":244,"column":9}},"121":{"start":{"line":243,"column":12},"end":{"line":243,"column":71}},"122":{"start":{"line":246,"column":29},"end":{"line":246,"column":73}},"123":{"start":{"line":247,"column":33},"end":{"line":247,"column":35}},"124":{"start":{"line":249,"column":8},"end":{"line":260,"column":9}},"125":{"start":{"line":249,"column":21},"end":{"line":249,"column":22}},"126":{"start":{"line":250,"column":12},"end":{"line":250,"column":113}},"127":{"start":{"line":251,"column":12},"end":{"line":259,"column":15}},"128":{"start":{"line":262,"column":8},"end":{"line":262,"column":37}},"129":{"start":{"line":264,"column":8},"end":{"line":264,"column":29}},"130":{"start":{"line":265,"column":8},"end":{"line":265,"column":57}},"131":{"start":{"line":270,"column":0},"end":{"line":272,"column":3}},"132":{"start":{"line":271,"column":4},"end":{"line":271,"column":90}},"133":{"start":{"line":274,"column":0},"end":{"line":277,"column":3}},"134":{"start":{"line":275,"column":19},"end":{"line":275,"column":73}},"135":{"start":{"line":276,"column":4},"end":{"line":276,"column":38}},"136":{"start":{"line":280,"column":0},"end":{"line":282,"column":3}},"137":{"start":{"line":281,"column":4},"end":{"line":281,"column":89}},"138":{"start":{"line":284,"column":0},"end":{"line":319,"column":3}},"139":{"start":{"line":285,"column":23},"end":{"line":285,"column":33}},"140":{"start":{"line":287,"column":4},"end":{"line":318,"column":5}},"141":{"start":{"line":288,"column":25},"end":{"line":288,"column":68}},"142":{"start":{"line":290,"column":8},"end":{"line":292,"column":9}},"143":{"start":{"line":291,"column":12},"end":{"line":291,"column":81}},"144":{"start":{"line":294,"column":32},"end":{"line":310,"column":10}},"145":{"start":{"line":295,"column":12},"end":{"line":309,"column":13}},"146":{"start":{"line":296,"column":32},"end":{"line":296,"column":93}},"147":{"start":{"line":298,"column":16},"end":{"line":305,"column":18}},"148":{"start":{"line":307,"column":16},"end":{"line":307,"column":99}},"149":{"start":{"line":308,"column":16},"end":{"line":308,"column":127}},"150":{"start":{"line":312,"column":25},"end":{"line":312,"column":59}},"151":{"start":{"line":314,"column":8},"end":{"line":314,"column":56}},"152":{"start":{"line":316,"column":8},"end":{"line":316,"column":29}},"153":{"start":{"line":317,"column":8},"end":{"line":317,"column":57}},"154":{"start":{"line":322,"column":0},"end":{"line":324,"column":3}},"155":{"start":{"line":323,"column":4},"end":{"line":323,"column":92}},"156":{"start":{"line":326,"column":0},"end":{"line":342,"column":3}},"157":{"start":{"line":327,"column":23},"end":{"line":327,"column":33}},"158":{"start":{"line":328,"column":26},"end":{"line":328,"column":36}},"159":{"start":{"line":330,"column":4},"end":{"line":341,"column":5}},"160":{"start":{"line":331,"column":36},"end":{"line":331,"column":160}},"161":{"start":{"line":332,"column":28},"end":{"line":332,"column":77}},"162":{"start":{"line":333,"column":8},"end":{"line":335,"column":9}},"163":{"start":{"line":334,"column":12},"end":{"line":334,"column":72}},"164":{"start":{"line":337,"column":8},"end":{"line":337,"column":87}},"165":{"start":{"line":339,"column":8},"end":{"line":339,"column":29}},"166":{"start":{"line":340,"column":8},"end":{"line":340,"column":55}},"167":{"start":{"line":346,"column":0},"end":{"line":348,"column":3}},"168":{"start":{"line":347,"column":4},"end":{"line":347,"column":103}},"169":{"start":{"line":350,"column":0},"end":{"line":371,"column":3}},"170":{"start":{"line":351,"column":22},"end":{"line":351,"column":30}},"171":{"start":{"line":353,"column":4},"end":{"line":370,"column":5}},"172":{"start":{"line":354,"column":8},"end":{"line":366,"column":9}},"173":{"start":{"line":355,"column":25},"end":{"line":355,"column":41}},"174":{"start":{"line":357,"column":33},"end":{"line":357,"column":77}},"175":{"start":{"line":359,"column":12},"end":{"line":359,"column":57}},"176":{"start":{"line":360,"column":12},"end":{"line":360,"column":44}},"177":{"start":{"line":362,"column":37},"end":{"line":362,"column":101}},"178":{"start":{"line":363,"column":12},"end":{"line":363,"column":76}},"179":{"start":{"line":365,"column":12},"end":{"line":365,"column":79}},"180":{"start":{"line":368,"column":8},"end":{"line":368,"column":29}},"181":{"start":{"line":369,"column":8},"end":{"line":369,"column":57}},"182":{"start":{"line":374,"column":0},"end":{"line":376,"column":3}},"183":{"start":{"line":375,"column":4},"end":{"line":375,"column":108}},"184":{"start":{"line":378,"column":0},"end":{"line":399,"column":3}},"185":{"start":{"line":379,"column":22},"end":{"line":379,"column":30}},"186":{"start":{"line":381,"column":4},"end":{"line":398,"column":5}},"187":{"start":{"line":382,"column":8},"end":{"line":394,"column":9}},"188":{"start":{"line":383,"column":25},"end":{"line":383,"column":41}},"189":{"start":{"line":385,"column":33},"end":{"line":385,"column":77}},"190":{"start":{"line":387,"column":12},"end":{"line":387,"column":62}},"191":{"start":{"line":388,"column":12},"end":{"line":388,"column":44}},"192":{"start":{"line":390,"column":37},"end":{"line":390,"column":101}},"193":{"start":{"line":391,"column":12},"end":{"line":391,"column":76}},"194":{"start":{"line":393,"column":12},"end":{"line":393,"column":79}},"195":{"start":{"line":396,"column":8},"end":{"line":396,"column":29}},"196":{"start":{"line":397,"column":8},"end":{"line":397,"column":57}},"197":{"start":{"line":402,"column":0},"end":{"line":426,"column":3}},"198":{"start":{"line":403,"column":34},"end":{"line":403,"column":44}},"199":{"start":{"line":404,"column":25},"end":{"line":404,"column":33}},"200":{"start":{"line":406,"column":4},"end":{"line":425,"column":5}},"201":{"start":{"line":407,"column":8},"end":{"line":421,"column":9}},"202":{"start":{"line":408,"column":25},"end":{"line":408,"column":41}},"203":{"start":{"line":410,"column":31},"end":{"line":410,"column":74}},"204":{"start":{"line":411,"column":36},"end":{"line":411,"column":85}},"205":{"start":{"line":412,"column":33},"end":{"line":412,"column":77}},"206":{"start":{"line":414,"column":12},"end":{"line":414,"column":89}},"207":{"start":{"line":415,"column":12},"end":{"line":415,"column":44}},"208":{"start":{"line":417,"column":37},"end":{"line":417,"column":101}},"209":{"start":{"line":418,"column":12},"end":{"line":418,"column":74}},"210":{"start":{"line":420,"column":12},"end":{"line":420,"column":125}},"211":{"start":{"line":423,"column":8},"end":{"line":423,"column":29}},"212":{"start":{"line":424,"column":8},"end":{"line":424,"column":57}},"213":{"start":{"line":428,"column":0},"end":{"line":452,"column":3}},"214":{"start":{"line":429,"column":34},"end":{"line":429,"column":44}},"215":{"start":{"line":430,"column":25},"end":{"line":430,"column":33}},"216":{"start":{"line":432,"column":4},"end":{"line":451,"column":5}},"217":{"start":{"line":433,"column":8},"end":{"line":447,"column":9}},"218":{"start":{"line":434,"column":25},"end":{"line":434,"column":41}},"219":{"start":{"line":436,"column":31},"end":{"line":436,"column":74}},"220":{"start":{"line":437,"column":36},"end":{"line":437,"column":85}},"221":{"start":{"line":438,"column":33},"end":{"line":438,"column":77}},"222":{"start":{"line":440,"column":12},"end":{"line":440,"column":94}},"223":{"start":{"line":441,"column":12},"end":{"line":441,"column":44}},"224":{"start":{"line":443,"column":37},"end":{"line":443,"column":101}},"225":{"start":{"line":444,"column":12},"end":{"line":444,"column":74}},"226":{"start":{"line":446,"column":12},"end":{"line":446,"column":125}},"227":{"start":{"line":449,"column":8},"end":{"line":449,"column":29}},"228":{"start":{"line":450,"column":8},"end":{"line":450,"column":57}},"229":{"start":{"line":454,"column":0},"end":{"line":469,"column":3}},"230":{"start":{"line":455,"column":4},"end":{"line":468,"column":5}},"231":{"start":{"line":456,"column":21},"end":{"line":456,"column":37}},"232":{"start":{"line":458,"column":27},"end":{"line":458,"column":71}},"233":{"start":{"line":460,"column":8},"end":{"line":460,"column":41}},"234":{"start":{"line":461,"column":8},"end":{"line":461,"column":40}},"235":{"start":{"line":463,"column":8},"end":{"line":463,"column":68}},"236":{"start":{"line":464,"column":8},"end":{"line":464,"column":80}},"237":{"start":{"line":466,"column":8},"end":{"line":466,"column":29}},"238":{"start":{"line":467,"column":8},"end":{"line":467,"column":57}},"239":{"start":{"line":472,"column":0},"end":{"line":488,"column":3}},"240":{"start":{"line":473,"column":4},"end":{"line":487,"column":5}},"241":{"start":{"line":474,"column":21},"end":{"line":474,"column":37}},"242":{"start":{"line":476,"column":31},"end":{"line":479,"column":9}},"243":{"start":{"line":480,"column":29},"end":{"line":480,"column":95}},"244":{"start":{"line":481,"column":23},"end":{"line":481,"column":38}},"245":{"start":{"line":483,"column":8},"end":{"line":483,"column":49}},"246":{"start":{"line":485,"column":8},"end":{"line":485,"column":29}},"247":{"start":{"line":486,"column":8},"end":{"line":486,"column":57}},"248":{"start":{"line":491,"column":0},"end":{"line":522,"column":3}},"249":{"start":{"line":492,"column":32},"end":{"line":492,"column":40}},"250":{"start":{"line":494,"column":4},"end":{"line":521,"column":5}},"251":{"start":{"line":495,"column":8},"end":{"line":517,"column":9}},"252":{"start":{"line":496,"column":25},"end":{"line":496,"column":41}},"253":{"start":{"line":498,"column":33},"end":{"line":501,"column":13}},"254":{"start":{"line":503,"column":12},"end":{"line":505,"column":13}},"255":{"start":{"line":504,"column":16},"end":{"line":504,"column":128}},"256":{"start":{"line":507,"column":36},"end":{"line":507,"column":99}},"257":{"start":{"line":508,"column":33},"end":{"line":508,"column":77}},"258":{"start":{"line":510,"column":12},"end":{"line":510,"column":75}},"259":{"start":{"line":511,"column":12},"end":{"line":511,"column":44}},"260":{"start":{"line":513,"column":33},"end":{"line":513,"column":143}},"261":{"start":{"line":514,"column":12},"end":{"line":514,"column":87}},"262":{"start":{"line":516,"column":12},"end":{"line":516,"column":103}},"263":{"start":{"line":519,"column":8},"end":{"line":519,"column":29}},"264":{"start":{"line":520,"column":8},"end":{"line":520,"column":55}},"265":{"start":{"line":525,"column":0},"end":{"line":547,"column":3}},"266":{"start":{"line":526,"column":36},"end":{"line":526,"column":44}},"267":{"start":{"line":528,"column":4},"end":{"line":546,"column":5}},"268":{"start":{"line":529,"column":8},"end":{"line":542,"column":9}},"269":{"start":{"line":530,"column":25},"end":{"line":530,"column":41}},"270":{"start":{"line":532,"column":36},"end":{"line":532,"column":85}},"271":{"start":{"line":533,"column":33},"end":{"line":533,"column":77}},"272":{"start":{"line":535,"column":12},"end":{"line":535,"column":75}},"273":{"start":{"line":536,"column":12},"end":{"line":536,"column":44}},"274":{"start":{"line":538,"column":33},"end":{"line":538,"column":143}},"275":{"start":{"line":539,"column":12},"end":{"line":539,"column":87}},"276":{"start":{"line":541,"column":12},"end":{"line":541,"column":103}},"277":{"start":{"line":544,"column":8},"end":{"line":544,"column":29}},"278":{"start":{"line":545,"column":8},"end":{"line":545,"column":55}},"279":{"start":{"line":550,"column":0},"end":{"line":572,"column":3}},"280":{"start":{"line":551,"column":36},"end":{"line":551,"column":44}},"281":{"start":{"line":553,"column":4},"end":{"line":571,"column":5}},"282":{"start":{"line":554,"column":8},"end":{"line":567,"column":9}},"283":{"start":{"line":555,"column":25},"end":{"line":555,"column":41}},"284":{"start":{"line":557,"column":36},"end":{"line":557,"column":85}},"285":{"start":{"line":558,"column":33},"end":{"line":558,"column":77}},"286":{"start":{"line":560,"column":12},"end":{"line":560,"column":80}},"287":{"start":{"line":561,"column":12},"end":{"line":561,"column":44}},"288":{"start":{"line":563,"column":33},"end":{"line":563,"column":143}},"289":{"start":{"line":564,"column":12},"end":{"line":564,"column":72}},"290":{"start":{"line":566,"column":12},"end":{"line":566,"column":95}},"291":{"start":{"line":569,"column":8},"end":{"line":569,"column":29}},"292":{"start":{"line":570,"column":8},"end":{"line":570,"column":57}},"293":{"start":{"line":574,"column":0},"end":{"line":596,"column":3}},"294":{"start":{"line":575,"column":26},"end":{"line":575,"column":34}},"295":{"start":{"line":577,"column":4},"end":{"line":595,"column":5}},"296":{"start":{"line":578,"column":8},"end":{"line":591,"column":9}},"297":{"start":{"line":579,"column":25},"end":{"line":579,"column":41}},"298":{"start":{"line":581,"column":36},"end":{"line":581,"column":85}},"299":{"start":{"line":582,"column":33},"end":{"line":582,"column":77}},"300":{"start":{"line":584,"column":12},"end":{"line":584,"column":70}},"301":{"start":{"line":585,"column":12},"end":{"line":585,"column":44}},"302":{"start":{"line":587,"column":33},"end":{"line":587,"column":143}},"303":{"start":{"line":588,"column":12},"end":{"line":588,"column":72}},"304":{"start":{"line":590,"column":12},"end":{"line":590,"column":73}},"305":{"start":{"line":593,"column":8},"end":{"line":593,"column":29}},"306":{"start":{"line":594,"column":8},"end":{"line":594,"column":57}},"307":{"start":{"line":598,"column":0},"end":{"line":638,"column":3}},"308":{"start":{"line":599,"column":46},"end":{"line":599,"column":54}},"309":{"start":{"line":601,"column":4},"end":{"line":637,"column":5}},"310":{"start":{"line":602,"column":8},"end":{"line":633,"column":9}},"311":{"start":{"line":603,"column":25},"end":{"line":603,"column":41}},"312":{"start":{"line":605,"column":31},"end":{"line":605,"column":75}},"313":{"start":{"line":607,"column":33},"end":{"line":610,"column":13}},"314":{"start":{"line":611,"column":12},"end":{"line":613,"column":13}},"315":{"start":{"line":612,"column":16},"end":{"line":612,"column":80}},"316":{"start":{"line":615,"column":33},"end":{"line":622,"column":13}},"317":{"start":{"line":623,"column":12},"end":{"line":623,"column":44}},"318":{"start":{"line":625,"column":36},"end":{"line":625,"column":99}},"319":{"start":{"line":626,"column":12},"end":{"line":626,"column":81}},"320":{"start":{"line":627,"column":12},"end":{"line":627,"column":44}},"321":{"start":{"line":629,"column":12},"end":{"line":629,"column":72}},"322":{"start":{"line":630,"column":12},"end":{"line":630,"column":84}},"323":{"start":{"line":632,"column":12},"end":{"line":632,"column":116}},"324":{"start":{"line":635,"column":8},"end":{"line":635,"column":29}},"325":{"start":{"line":636,"column":8},"end":{"line":636,"column":57}},"326":{"start":{"line":640,"column":0},"end":{"line":662,"column":3}},"327":{"start":{"line":641,"column":36},"end":{"line":641,"column":44}},"328":{"start":{"line":643,"column":4},"end":{"line":661,"column":5}},"329":{"start":{"line":644,"column":8},"end":{"line":657,"column":9}},"330":{"start":{"line":645,"column":25},"end":{"line":645,"column":41}},"331":{"start":{"line":647,"column":36},"end":{"line":647,"column":85}},"332":{"start":{"line":648,"column":31},"end":{"line":648,"column":75}},"333":{"start":{"line":650,"column":12},"end":{"line":650,"column":81}},"334":{"start":{"line":651,"column":12},"end":{"line":651,"column":44}},"335":{"start":{"line":653,"column":12},"end":{"line":653,"column":72}},"336":{"start":{"line":654,"column":12},"end":{"line":654,"column":99}},"337":{"start":{"line":656,"column":12},"end":{"line":656,"column":77}},"338":{"start":{"line":659,"column":8},"end":{"line":659,"column":29}},"339":{"start":{"line":660,"column":8},"end":{"line":660,"column":57}},"340":{"start":{"line":664,"column":0},"end":{"line":666,"column":3}},"341":{"start":{"line":665,"column":4},"end":{"line":665,"column":96}},"342":{"start":{"line":668,"column":0},"end":{"line":685,"column":3}},"343":{"start":{"line":669,"column":4},"end":{"line":684,"column":5}},"344":{"start":{"line":670,"column":21},"end":{"line":670,"column":37}},"345":{"start":{"line":672,"column":8},"end":{"line":674,"column":9}},"346":{"start":{"line":673,"column":12},"end":{"line":673,"column":87}},"347":{"start":{"line":676,"column":28},"end":{"line":676,"column":82}},"348":{"start":{"line":678,"column":26},"end":{"line":678,"column":42}},"349":{"start":{"line":680,"column":8},"end":{"line":680,"column":51}},"350":{"start":{"line":682,"column":8},"end":{"line":682,"column":29}},"351":{"start":{"line":683,"column":8},"end":{"line":683,"column":57}},"352":{"start":{"line":688,"column":0},"end":{"line":708,"column":3}},"353":{"start":{"line":689,"column":4},"end":{"line":707,"column":5}},"354":{"start":{"line":690,"column":23},"end":{"line":690,"column":36}},"355":{"start":{"line":691,"column":21},"end":{"line":691,"column":37}},"356":{"start":{"line":693,"column":8},"end":{"line":695,"column":9}},"357":{"start":{"line":694,"column":12},"end":{"line":694,"column":87}},"358":{"start":{"line":697,"column":29},"end":{"line":697,"column":117}},"359":{"start":{"line":699,"column":8},"end":{"line":701,"column":9}},"360":{"start":{"line":700,"column":12},"end":{"line":700,"column":78}},"361":{"start":{"line":703,"column":8},"end":{"line":703,"column":48}},"362":{"start":{"line":705,"column":8},"end":{"line":705,"column":29}},"363":{"start":{"line":706,"column":8},"end":{"line":706,"column":55}},"364":{"start":{"line":711,"column":0},"end":{"line":713,"column":3}},"365":{"start":{"line":712,"column":4},"end":{"line":712,"column":95}},"366":{"start":{"line":715,"column":0},"end":{"line":779,"column":3}},"367":{"start":{"line":716,"column":48},"end":{"line":716,"column":56}},"368":{"start":{"line":718,"column":4},"end":{"line":778,"column":5}},"369":{"start":{"line":719,"column":21},"end":{"line":719,"column":37}},"370":{"start":{"line":721,"column":8},"end":{"line":723,"column":9}},"371":{"start":{"line":722,"column":12},"end":{"line":722,"column":87}},"372":{"start":{"line":725,"column":8},"end":{"line":775,"column":9}},"373":{"start":{"line":726,"column":12},"end":{"line":728,"column":13}},"374":{"start":{"line":727,"column":16},"end":{"line":727,"column":80}},"375":{"start":{"line":730,"column":12},"end":{"line":732,"column":13}},"376":{"start":{"line":731,"column":16},"end":{"line":731,"column":113}},"377":{"start":{"line":734,"column":30},"end":{"line":734,"column":107}},"378":{"start":{"line":735,"column":12},"end":{"line":737,"column":13}},"379":{"start":{"line":736,"column":16},"end":{"line":736,"column":87}},"380":{"start":{"line":739,"column":35},"end":{"line":739,"column":66}},"381":{"start":{"line":741,"column":31},"end":{"line":744,"column":13}},"382":{"start":{"line":745,"column":12},"end":{"line":745,"column":44}},"383":{"start":{"line":747,"column":29},"end":{"line":747,"column":47}},"384":{"start":{"line":749,"column":12},"end":{"line":769,"column":13}},"385":{"start":{"line":750,"column":16},"end":{"line":753,"column":18}},"386":{"start":{"line":754,"column":19},"end":{"line":769,"column":13}},"387":{"start":{"line":755,"column":39},"end":{"line":758,"column":17}},"388":{"start":{"line":760,"column":16},"end":{"line":763,"column":18}},"389":{"start":{"line":764,"column":19},"end":{"line":769,"column":13}},"390":{"start":{"line":765,"column":16},"end":{"line":768,"column":18}},"391":{"start":{"line":770,"column":12},"end":{"line":770,"column":44}},"392":{"start":{"line":772,"column":12},"end":{"line":772,"column":41}},"393":{"start":{"line":774,"column":12},"end":{"line":774,"column":93}},"394":{"start":{"line":777,"column":8},"end":{"line":777,"column":55}},"395":{"start":{"line":784,"column":0},"end":{"line":786,"column":3}},"396":{"start":{"line":785,"column":4},"end":{"line":785,"column":65}},"397":{"start":{"line":788,"column":0},"end":{"line":788,"column":21}}},"fnMap":{"0":{"name":"(anonymous_0)","decl":{"start":{"line":36,"column":23},"end":{"line":36,"column":24}},"loc":{"start":{"line":36,"column":37},"end":{"line":42,"column":1}},"line":36},"1":{"name":"(anonymous_1)","decl":{"start":{"line":44,"column":23},"end":{"line":44,"column":24}},"loc":{"start":{"line":44,"column":43},"end":{"line":57,"column":1}},"line":44},"2":{"name":"checkAuth","decl":{"start":{"line":59,"column":9},"end":{"line":59,"column":18}},"loc":{"start":{"line":59,"column":35},"end":{"line":65,"column":1}},"line":59},"3":{"name":"(anonymous_3)","decl":{"start":{"line":70,"column":21},"end":{"line":70,"column":22}},"loc":{"start":{"line":70,"column":35},"end":{"line":72,"column":1}},"line":70},"4":{"name":"(anonymous_4)","decl":{"start":{"line":74,"column":22},"end":{"line":74,"column":23}},"loc":{"start":{"line":74,"column":42},"end":{"line":128,"column":1}},"line":74},"5":{"name":"(anonymous_5)","decl":{"start":{"line":130,"column":18},"end":{"line":130,"column":19}},"loc":{"start":{"line":130,"column":32},"end":{"line":132,"column":1}},"line":130},"6":{"name":"(anonymous_6)","decl":{"start":{"line":134,"column":19},"end":{"line":134,"column":20}},"loc":{"start":{"line":134,"column":39},"end":{"line":164,"column":1}},"line":134},"7":{"name":"(anonymous_7)","decl":{"start":{"line":166,"column":30},"end":{"line":166,"column":31}},"loc":{"start":{"line":166,"column":44},"end":{"line":169,"column":1}},"line":166},"8":{"name":"(anonymous_8)","decl":{"start":{"line":172,"column":13},"end":{"line":172,"column":14}},"loc":{"start":{"line":172,"column":27},"end":{"line":174,"column":1}},"line":172},"9":{"name":"(anonymous_9)","decl":{"start":{"line":176,"column":31},"end":{"line":176,"column":32}},"loc":{"start":{"line":176,"column":45},"end":{"line":178,"column":1}},"line":176},"10":{"name":"(anonymous_10)","decl":{"start":{"line":180,"column":28},"end":{"line":180,"column":29}},"loc":{"start":{"line":180,"column":48},"end":{"line":195,"column":1}},"line":180},"11":{"name":"(anonymous_11)","decl":{"start":{"line":197,"column":36},"end":{"line":197,"column":37}},"loc":{"start":{"line":197,"column":50},"end":{"line":199,"column":1}},"line":197},"12":{"name":"(anonymous_12)","decl":{"start":{"line":201,"column":21},"end":{"line":201,"column":22}},"loc":{"start":{"line":201,"column":41},"end":{"line":232,"column":1}},"line":201},"13":{"name":"(anonymous_13)","decl":{"start":{"line":211,"column":72},"end":{"line":211,"column":73}},"loc":{"start":{"line":211,"column":88},"end":{"line":225,"column":9}},"line":211},"14":{"name":"(anonymous_14)","decl":{"start":{"line":235,"column":45},"end":{"line":235,"column":46}},"loc":{"start":{"line":235,"column":59},"end":{"line":237,"column":1}},"line":235},"15":{"name":"(anonymous_15)","decl":{"start":{"line":239,"column":41},"end":{"line":239,"column":42}},"loc":{"start":{"line":239,"column":61},"end":{"line":267,"column":1}},"line":239},"16":{"name":"(anonymous_16)","decl":{"start":{"line":270,"column":18},"end":{"line":270,"column":19}},"loc":{"start":{"line":270,"column":38},"end":{"line":272,"column":1}},"line":270},"17":{"name":"(anonymous_17)","decl":{"start":{"line":274,"column":22},"end":{"line":274,"column":23}},"loc":{"start":{"line":274,"column":42},"end":{"line":277,"column":1}},"line":274},"18":{"name":"(anonymous_18)","decl":{"start":{"line":280,"column":26},"end":{"line":280,"column":27}},"loc":{"start":{"line":280,"column":46},"end":{"line":282,"column":1}},"line":280},"19":{"name":"(anonymous_19)","decl":{"start":{"line":284,"column":30},"end":{"line":284,"column":31}},"loc":{"start":{"line":284,"column":50},"end":{"line":319,"column":1}},"line":284},"20":{"name":"(anonymous_20)","decl":{"start":{"line":294,"column":53},"end":{"line":294,"column":54}},"loc":{"start":{"line":294,"column":76},"end":{"line":310,"column":9}},"line":294},"21":{"name":"(anonymous_21)","decl":{"start":{"line":322,"column":46},"end":{"line":322,"column":47}},"loc":{"start":{"line":322,"column":66},"end":{"line":324,"column":1}},"line":322},"22":{"name":"(anonymous_22)","decl":{"start":{"line":326,"column":50},"end":{"line":326,"column":51}},"loc":{"start":{"line":326,"column":70},"end":{"line":342,"column":1}},"line":326},"23":{"name":"(anonymous_23)","decl":{"start":{"line":346,"column":50},"end":{"line":346,"column":51}},"loc":{"start":{"line":346,"column":70},"end":{"line":348,"column":1}},"line":346},"24":{"name":"(anonymous_24)","decl":{"start":{"line":350,"column":42},"end":{"line":350,"column":43}},"loc":{"start":{"line":350,"column":62},"end":{"line":371,"column":1}},"line":350},"25":{"name":"(anonymous_25)","decl":{"start":{"line":374,"column":55},"end":{"line":374,"column":56}},"loc":{"start":{"line":374,"column":75},"end":{"line":376,"column":1}},"line":374},"26":{"name":"(anonymous_26)","decl":{"start":{"line":378,"column":47},"end":{"line":378,"column":48}},"loc":{"start":{"line":378,"column":67},"end":{"line":399,"column":1}},"line":378},"27":{"name":"(anonymous_27)","decl":{"start":{"line":402,"column":75},"end":{"line":402,"column":76}},"loc":{"start":{"line":402,"column":95},"end":{"line":426,"column":1}},"line":402},"28":{"name":"(anonymous_28)","decl":{"start":{"line":428,"column":79},"end":{"line":428,"column":80}},"loc":{"start":{"line":428,"column":99},"end":{"line":452,"column":1}},"line":428},"29":{"name":"(anonymous_29)","decl":{"start":{"line":454,"column":36},"end":{"line":454,"column":37}},"loc":{"start":{"line":454,"column":56},"end":{"line":469,"column":1}},"line":454},"30":{"name":"(anonymous_30)","decl":{"start":{"line":472,"column":43},"end":{"line":472,"column":44}},"loc":{"start":{"line":472,"column":63},"end":{"line":488,"column":1}},"line":472},"31":{"name":"(anonymous_31)","decl":{"start":{"line":491,"column":48},"end":{"line":491,"column":49}},"loc":{"start":{"line":491,"column":68},"end":{"line":522,"column":1}},"line":491},"32":{"name":"(anonymous_32)","decl":{"start":{"line":525,"column":45},"end":{"line":525,"column":46}},"loc":{"start":{"line":525,"column":65},"end":{"line":547,"column":1}},"line":525},"33":{"name":"(anonymous_33)","decl":{"start":{"line":550,"column":50},"end":{"line":550,"column":51}},"loc":{"start":{"line":550,"column":70},"end":{"line":572,"column":1}},"line":550},"34":{"name":"(anonymous_34)","decl":{"start":{"line":574,"column":50},"end":{"line":574,"column":51}},"loc":{"start":{"line":574,"column":70},"end":{"line":596,"column":1}},"line":574},"35":{"name":"(anonymous_35)","decl":{"start":{"line":598,"column":49},"end":{"line":598,"column":50}},"loc":{"start":{"line":598,"column":69},"end":{"line":638,"column":1}},"line":598},"36":{"name":"(anonymous_36)","decl":{"start":{"line":640,"column":51},"end":{"line":640,"column":52}},"loc":{"start":{"line":640,"column":71},"end":{"line":662,"column":1}},"line":640},"37":{"name":"(anonymous_37)","decl":{"start":{"line":664,"column":24},"end":{"line":664,"column":25}},"loc":{"start":{"line":664,"column":38},"end":{"line":666,"column":1}},"line":664},"38":{"name":"(anonymous_38)","decl":{"start":{"line":668,"column":28},"end":{"line":668,"column":29}},"loc":{"start":{"line":668,"column":48},"end":{"line":685,"column":1}},"line":668},"39":{"name":"(anonymous_39)","decl":{"start":{"line":688,"column":34},"end":{"line":688,"column":35}},"loc":{"start":{"line":688,"column":54},"end":{"line":708,"column":1}},"line":688},"40":{"name":"(anonymous_40)","decl":{"start":{"line":711,"column":23},"end":{"line":711,"column":24}},"loc":{"start":{"line":711,"column":37},"end":{"line":713,"column":1}},"line":711},"41":{"name":"(anonymous_41)","decl":{"start":{"line":715,"column":28},"end":{"line":715,"column":29}},"loc":{"start":{"line":715,"column":48},"end":{"line":779,"column":1}},"line":715},"42":{"name":"(anonymous_42)","decl":{"start":{"line":784,"column":17},"end":{"line":784,"column":18}},"loc":{"start":{"line":784,"column":23},"end":{"line":786,"column":1}},"line":784}},"branchMap":{"0":{"loc":{"start":{"line":37,"column":4},"end":{"line":41,"column":5}},"type":"if","locations":[{"start":{"line":37,"column":4},"end":{"line":41,"column":5}},{"start":{"line":39,"column":11},"end":{"line":41,"column":5}}],"line":37},"1":{"loc":{"start":{"line":45,"column":4},"end":{"line":47,"column":5}},"type":"if","locations":[{"start":{"line":45,"column":4},"end":{"line":47,"column":5}},{"start":{},"end":{}}],"line":45},"2":{"loc":{"start":{"line":48,"column":4},"end":{"line":56,"column":5}},"type":"if","locations":[{"start":{"line":48,"column":4},"end":{"line":56,"column":5}},{"start":{"line":50,"column":11},"end":{"line":56,"column":5}}],"line":48},"3":{"loc":{"start":{"line":50,"column":11},"end":{"line":56,"column":5}},"type":"if","locations":[{"start":{"line":50,"column":11},"end":{"line":56,"column":5}},{"start":{"line":54,"column":11},"end":{"line":56,"column":5}}],"line":50},"4":{"loc":{"start":{"line":54,"column":11},"end":{"line":56,"column":5}},"type":"if","locations":[{"start":{"line":54,"column":11},"end":{"line":56,"column":5}},{"start":{},"end":{}}],"line":54},"5":{"loc":{"start":{"line":60,"column":4},"end":{"line":64,"column":5}},"type":"if","locations":[{"start":{"line":60,"column":4},"end":{"line":64,"column":5}},{"start":{"line":62,"column":11},"end":{"line":64,"column":5}}],"line":60},"6":{"loc":{"start":{"line":78,"column":8},"end":{"line":124,"column":9}},"type":"if","locations":[{"start":{"line":78,"column":8},"end":{"line":124,"column":9}},{"start":{"line":122,"column":15},"end":{"line":124,"column":9}}],"line":78},"7":{"loc":{"start":{"line":78,"column":12},"end":{"line":78,"column":36}},"type":"binary-expr","locations":[{"start":{"line":78,"column":12},"end":{"line":78,"column":16}},{"start":{"line":78,"column":20},"end":{"line":78,"column":28}},{"start":{"line":78,"column":32},"end":{"line":78,"column":36}}],"line":78},"8":{"loc":{"start":{"line":79,"column":12},"end":{"line":81,"column":13}},"type":"if","locations":[{"start":{"line":79,"column":12},"end":{"line":81,"column":13}},{"start":{},"end":{}}],"line":79},"9":{"loc":{"start":{"line":79,"column":16},"end":{"line":79,"column":58}},"type":"binary-expr","locations":[{"start":{"line":79,"column":16},"end":{"line":79,"column":35}},{"start":{"line":79,"column":39},"end":{"line":79,"column":58}}],"line":79},"10":{"loc":{"start":{"line":83,"column":12},"end":{"line":85,"column":13}},"type":"if","locations":[{"start":{"line":83,"column":12},"end":{"line":85,"column":13}},{"start":{},"end":{}}],"line":83},"11":{"loc":{"start":{"line":83,"column":16},"end":{"line":83,"column":49}},"type":"binary-expr","locations":[{"start":{"line":83,"column":16},"end":{"line":83,"column":35}},{"start":{"line":83,"column":39},"end":{"line":83,"column":49}}],"line":83},"12":{"loc":{"start":{"line":89,"column":12},"end":{"line":91,"column":13}},"type":"if","locations":[{"start":{"line":89,"column":12},"end":{"line":91,"column":13}},{"start":{},"end":{}}],"line":89},"13":{"loc":{"start":{"line":103,"column":12},"end":{"line":118,"column":13}},"type":"if","locations":[{"start":{"line":103,"column":12},"end":{"line":118,"column":13}},{"start":{"line":108,"column":19},"end":{"line":118,"column":13}}],"line":103},"14":{"loc":{"start":{"line":108,"column":19},"end":{"line":118,"column":13}},"type":"if","locations":[{"start":{"line":108,"column":19},"end":{"line":118,"column":13}},{"start":{},"end":{}}],"line":108},"15":{"loc":{"start":{"line":138,"column":8},"end":{"line":160,"column":9}},"type":"if","locations":[{"start":{"line":138,"column":8},"end":{"line":160,"column":9}},{"start":{"line":158,"column":15},"end":{"line":160,"column":9}}],"line":138},"16":{"loc":{"start":{"line":138,"column":12},"end":{"line":138,"column":28}},"type":"binary-expr","locations":[{"start":{"line":138,"column":12},"end":{"line":138,"column":16}},{"start":{"line":138,"column":20},"end":{"line":138,"column":28}}],"line":138},"17":{"loc":{"start":{"line":141,"column":12},"end":{"line":143,"column":13}},"type":"if","locations":[{"start":{"line":141,"column":12},"end":{"line":143,"column":13}},{"start":{},"end":{}}],"line":141},"18":{"loc":{"start":{"line":148,"column":12},"end":{"line":157,"column":13}},"type":"if","locations":[{"start":{"line":148,"column":12},"end":{"line":157,"column":13}},{"start":{"line":155,"column":19},"end":{"line":157,"column":13}}],"line":148},"19":{"loc":{"start":{"line":182,"column":4},"end":{"line":184,"column":5}},"type":"if","locations":[{"start":{"line":182,"column":4},"end":{"line":184,"column":5}},{"start":{},"end":{}}],"line":182},"20":{"loc":{"start":{"line":203,"column":4},"end":{"line":205,"column":5}},"type":"if","locations":[{"start":{"line":203,"column":4},"end":{"line":205,"column":5}},{"start":{},"end":{}}],"line":203},"21":{"loc":{"start":{"line":242,"column":8},"end":{"line":244,"column":9}},"type":"if","locations":[{"start":{"line":242,"column":8},"end":{"line":244,"column":9}},{"start":{},"end":{}}],"line":242},"22":{"loc":{"start":{"line":290,"column":8},"end":{"line":292,"column":9}},"type":"if","locations":[{"start":{"line":290,"column":8},"end":{"line":292,"column":9}},{"start":{},"end":{}}],"line":290},"23":{"loc":{"start":{"line":290,"column":12},"end":{"line":290,"column":75}},"type":"binary-expr","locations":[{"start":{"line":290,"column":12},"end":{"line":290,"column":21}},{"start":{"line":290,"column":25},"end":{"line":290,"column":42}},{"start":{"line":290,"column":46},"end":{"line":290,"column":75}}],"line":290},"24":{"loc":{"start":{"line":333,"column":8},"end":{"line":335,"column":9}},"type":"if","locations":[{"start":{"line":333,"column":8},"end":{"line":335,"column":9}},{"start":{},"end":{}}],"line":333},"25":{"loc":{"start":{"line":354,"column":8},"end":{"line":366,"column":9}},"type":"if","locations":[{"start":{"line":354,"column":8},"end":{"line":366,"column":9}},{"start":{"line":364,"column":15},"end":{"line":366,"column":9}}],"line":354},"26":{"loc":{"start":{"line":382,"column":8},"end":{"line":394,"column":9}},"type":"if","locations":[{"start":{"line":382,"column":8},"end":{"line":394,"column":9}},{"start":{"line":392,"column":15},"end":{"line":394,"column":9}}],"line":382},"27":{"loc":{"start":{"line":407,"column":8},"end":{"line":421,"column":9}},"type":"if","locations":[{"start":{"line":407,"column":8},"end":{"line":421,"column":9}},{"start":{"line":419,"column":15},"end":{"line":421,"column":9}}],"line":407},"28":{"loc":{"start":{"line":407,"column":12},"end":{"line":407,"column":43}},"type":"binary-expr","locations":[{"start":{"line":407,"column":12},"end":{"line":407,"column":18}},{"start":{"line":407,"column":22},"end":{"line":407,"column":31}},{"start":{"line":407,"column":35},"end":{"line":407,"column":43}}],"line":407},"29":{"loc":{"start":{"line":433,"column":8},"end":{"line":447,"column":9}},"type":"if","locations":[{"start":{"line":433,"column":8},"end":{"line":447,"column":9}},{"start":{"line":445,"column":15},"end":{"line":447,"column":9}}],"line":433},"30":{"loc":{"start":{"line":433,"column":12},"end":{"line":433,"column":43}},"type":"binary-expr","locations":[{"start":{"line":433,"column":12},"end":{"line":433,"column":18}},{"start":{"line":433,"column":22},"end":{"line":433,"column":31}},{"start":{"line":433,"column":35},"end":{"line":433,"column":43}}],"line":433},"31":{"loc":{"start":{"line":495,"column":8},"end":{"line":517,"column":9}},"type":"if","locations":[{"start":{"line":495,"column":8},"end":{"line":517,"column":9}},{"start":{"line":515,"column":15},"end":{"line":517,"column":9}}],"line":495},"32":{"loc":{"start":{"line":495,"column":12},"end":{"line":495,"column":29}},"type":"binary-expr","locations":[{"start":{"line":495,"column":12},"end":{"line":495,"column":17}},{"start":{"line":495,"column":21},"end":{"line":495,"column":29}}],"line":495},"33":{"loc":{"start":{"line":503,"column":12},"end":{"line":505,"column":13}},"type":"if","locations":[{"start":{"line":503,"column":12},"end":{"line":505,"column":13}},{"start":{},"end":{}}],"line":503},"34":{"loc":{"start":{"line":529,"column":8},"end":{"line":542,"column":9}},"type":"if","locations":[{"start":{"line":529,"column":8},"end":{"line":542,"column":9}},{"start":{"line":540,"column":15},"end":{"line":542,"column":9}}],"line":529},"35":{"loc":{"start":{"line":529,"column":12},"end":{"line":529,"column":33}},"type":"binary-expr","locations":[{"start":{"line":529,"column":12},"end":{"line":529,"column":21}},{"start":{"line":529,"column":25},"end":{"line":529,"column":33}}],"line":529},"36":{"loc":{"start":{"line":554,"column":8},"end":{"line":567,"column":9}},"type":"if","locations":[{"start":{"line":554,"column":8},"end":{"line":567,"column":9}},{"start":{"line":565,"column":15},"end":{"line":567,"column":9}}],"line":554},"37":{"loc":{"start":{"line":554,"column":12},"end":{"line":554,"column":33}},"type":"binary-expr","locations":[{"start":{"line":554,"column":12},"end":{"line":554,"column":21}},{"start":{"line":554,"column":25},"end":{"line":554,"column":33}}],"line":554},"38":{"loc":{"start":{"line":578,"column":8},"end":{"line":591,"column":9}},"type":"if","locations":[{"start":{"line":578,"column":8},"end":{"line":591,"column":9}},{"start":{"line":589,"column":15},"end":{"line":591,"column":9}}],"line":578},"39":{"loc":{"start":{"line":602,"column":8},"end":{"line":633,"column":9}},"type":"if","locations":[{"start":{"line":602,"column":8},"end":{"line":633,"column":9}},{"start":{"line":631,"column":15},"end":{"line":633,"column":9}}],"line":602},"40":{"loc":{"start":{"line":602,"column":12},"end":{"line":602,"column":47}},"type":"binary-expr","locations":[{"start":{"line":602,"column":12},"end":{"line":602,"column":17}},{"start":{"line":602,"column":21},"end":{"line":602,"column":26}},{"start":{"line":602,"column":30},"end":{"line":602,"column":35}},{"start":{"line":602,"column":39},"end":{"line":602,"column":47}}],"line":602},"41":{"loc":{"start":{"line":611,"column":12},"end":{"line":613,"column":13}},"type":"if","locations":[{"start":{"line":611,"column":12},"end":{"line":613,"column":13}},{"start":{},"end":{}}],"line":611},"42":{"loc":{"start":{"line":644,"column":8},"end":{"line":657,"column":9}},"type":"if","locations":[{"start":{"line":644,"column":8},"end":{"line":657,"column":9}},{"start":{"line":655,"column":15},"end":{"line":657,"column":9}}],"line":644},"43":{"loc":{"start":{"line":644,"column":12},"end":{"line":644,"column":33}},"type":"binary-expr","locations":[{"start":{"line":644,"column":12},"end":{"line":644,"column":21}},{"start":{"line":644,"column":25},"end":{"line":644,"column":33}}],"line":644},"44":{"loc":{"start":{"line":672,"column":8},"end":{"line":674,"column":9}},"type":"if","locations":[{"start":{"line":672,"column":8},"end":{"line":674,"column":9}},{"start":{},"end":{}}],"line":672},"45":{"loc":{"start":{"line":693,"column":8},"end":{"line":695,"column":9}},"type":"if","locations":[{"start":{"line":693,"column":8},"end":{"line":695,"column":9}},{"start":{},"end":{}}],"line":693},"46":{"loc":{"start":{"line":699,"column":8},"end":{"line":701,"column":9}},"type":"if","locations":[{"start":{"line":699,"column":8},"end":{"line":701,"column":9}},{"start":{},"end":{}}],"line":699},"47":{"loc":{"start":{"line":721,"column":8},"end":{"line":723,"column":9}},"type":"if","locations":[{"start":{"line":721,"column":8},"end":{"line":723,"column":9}},{"start":{},"end":{}}],"line":721},"48":{"loc":{"start":{"line":725,"column":8},"end":{"line":775,"column":9}},"type":"if","locations":[{"start":{"line":725,"column":8},"end":{"line":775,"column":9}},{"start":{"line":773,"column":15},"end":{"line":775,"column":9}}],"line":725},"49":{"loc":{"start":{"line":725,"column":12},"end":{"line":725,"column":36}},"type":"binary-expr","locations":[{"start":{"line":725,"column":12},"end":{"line":725,"column":16}},{"start":{"line":725,"column":20},"end":{"line":725,"column":28}},{"start":{"line":725,"column":32},"end":{"line":725,"column":36}}],"line":725},"50":{"loc":{"start":{"line":726,"column":12},"end":{"line":728,"column":13}},"type":"if","locations":[{"start":{"line":726,"column":12},"end":{"line":728,"column":13}},{"start":{},"end":{}}],"line":726},"51":{"loc":{"start":{"line":726,"column":16},"end":{"line":726,"column":77}},"type":"binary-expr","locations":[{"start":{"line":726,"column":16},"end":{"line":726,"column":35}},{"start":{"line":726,"column":39},"end":{"line":726,"column":58}},{"start":{"line":726,"column":62},"end":{"line":726,"column":77}}],"line":726},"52":{"loc":{"start":{"line":730,"column":12},"end":{"line":732,"column":13}},"type":"if","locations":[{"start":{"line":730,"column":12},"end":{"line":732,"column":13}},{"start":{},"end":{}}],"line":730},"53":{"loc":{"start":{"line":730,"column":16},"end":{"line":730,"column":49}},"type":"binary-expr","locations":[{"start":{"line":730,"column":16},"end":{"line":730,"column":35}},{"start":{"line":730,"column":39},"end":{"line":730,"column":49}}],"line":730},"54":{"loc":{"start":{"line":735,"column":12},"end":{"line":737,"column":13}},"type":"if","locations":[{"start":{"line":735,"column":12},"end":{"line":737,"column":13}},{"start":{},"end":{}}],"line":735},"55":{"loc":{"start":{"line":749,"column":12},"end":{"line":769,"column":13}},"type":"if","locations":[{"start":{"line":749,"column":12},"end":{"line":769,"column":13}},{"start":{"line":754,"column":19},"end":{"line":769,"column":13}}],"line":749},"56":{"loc":{"start":{"line":754,"column":19},"end":{"line":769,"column":13}},"type":"if","locations":[{"start":{"line":754,"column":19},"end":{"line":769,"column":13}},{"start":{"line":764,"column":19},"end":{"line":769,"column":13}}],"line":754},"57":{"loc":{"start":{"line":764,"column":19},"end":{"line":769,"column":13}},"type":"if","locations":[{"start":{"line":764,"column":19},"end":{"line":769,"column":13}},{"start":{},"end":{}}],"line":764}},"s":{"0":1,"1":1,"2":1,"3":1,"4":1,"5":1,"6":1,"7":1,"8":1,"9":1,"10":1,"11":1,"12":1,"13":1,"14":1,"15":1,"16":1,"17":1,"18":1,"19":1,"20":1,"21":1,"22":1,"23":0,"24":1,"25":1,"26":0,"27":1,"28":1,"29":0,"30":0,"31":0,"32":0,"33":0,"34":0,"35":11,"36":8,"37":3,"38":1,"39":0,"40":1,"41":2,"42":2,"43":2,"44":2,"45":1,"46":1,"47":0,"48":1,"49":1,"50":1,"51":0,"52":0,"53":0,"54":0,"55":0,"56":0,"57":0,"58":0,"59":0,"60":0,"61":0,"62":0,"63":0,"64":1,"65":0,"66":1,"67":9,"68":9,"69":9,"70":9,"71":9,"72":1,"73":8,"74":8,"75":8,"76":7,"77":7,"78":1,"79":0,"80":0,"81":1,"82":0,"83":0,"84":1,"85":0,"86":1,"87":0,"88":1,"89":0,"90":0,"91":0,"92":0,"93":0,"94":0,"95":0,"96":0,"97":0,"98":0,"99":1,"100":0,"101":1,"102":2,"103":2,"104":1,"105":1,"106":1,"107":1,"108":1,"109":0,"110":0,"111":0,"112":1,"113":0,"114":0,"115":1,"116":0,"117":1,"118":1,"119":1,"120":1,"121":0,"122":1,"123":1,"124":1,"125":1,"126":0,"127":0,"128":1,"129":0,"130":0,"131":1,"132":0,"133":1,"134":1,"135":1,"136":1,"137":0,"138":1,"139":2,"140":2,"141":2,"142":1,"143":0,"144":1,"145":4,"146":4,"147":4,"148":0,"149":0,"150":1,"151":1,"152":1,"153":1,"154":1,"155":0,"156":1,"157":2,"158":2,"159":2,"160":2,"161":2,"162":1,"163":0,"164":1,"165":1,"166":1,"167":1,"168":0,"169":1,"170":0,"171":0,"172":0,"173":0,"174":0,"175":0,"176":0,"177":0,"178":0,"179":0,"180":0,"181":0,"182":1,"183":1,"184":1,"185":1,"186":1,"187":1,"188":0,"189":0,"190":0,"191":0,"192":0,"193":0,"194":1,"195":0,"196":0,"197":1,"198":0,"199":0,"200":0,"201":0,"202":0,"203":0,"204":0,"205":0,"206":0,"207":0,"208":0,"209":0,"210":0,"211":0,"212":0,"213":1,"214":1,"215":1,"216":1,"217":1,"218":0,"219":0,"220":0,"221":0,"222":0,"223":0,"224":0,"225":0,"226":1,"227":0,"228":0,"229":1,"230":0,"231":0,"232":0,"233":0,"234":0,"235":0,"236":0,"237":0,"238":0,"239":1,"240":0,"241":0,"242":0,"243":0,"244":0,"245":0,"246":0,"247":0,"248":1,"249":1,"250":1,"251":1,"252":0,"253":0,"254":0,"255":0,"256":0,"257":0,"258":0,"259":0,"260":0,"261":0,"262":1,"263":0,"264":0,"265":1,"266":2,"267":2,"268":2,"269":1,"270":1,"271":1,"272":1,"273":0,"274":0,"275":0,"276":1,"277":1,"278":1,"279":1,"280":1,"281":1,"282":1,"283":1,"284":1,"285":1,"286":1,"287":0,"288":0,"289":0,"290":0,"291":1,"292":1,"293":1,"294":0,"295":0,"296":0,"297":0,"298":0,"299":0,"300":0,"301":0,"302":0,"303":0,"304":0,"305":0,"306":0,"307":1,"308":0,"309":0,"310":0,"311":0,"312":0,"313":0,"314":0,"315":0,"316":0,"317":0,"318":0,"319":0,"320":0,"321":0,"322":0,"323":0,"324":0,"325":0,"326":1,"327":0,"328":0,"329":0,"330":0,"331":0,"332":0,"333":0,"334":0,"335":0,"336":0,"337":0,"338":0,"339":0,"340":1,"341":0,"342":1,"343":0,"344":0,"345":0,"346":0,"347":0,"348":0,"349":0,"350":0,"351":0,"352":1,"353":0,"354":0,"355":0,"356":0,"357":0,"358":0,"359":0,"360":0,"361":0,"362":0,"363":0,"364":1,"365":0,"366":1,"367":0,"368":0,"369":0,"370":0,"371":0,"372":0,"373":0,"374":0,"375":0,"376":0,"377":0,"378":0,"379":0,"380":0,"381":0,"382":0,"383":0,"384":0,"385":0,"386":0,"387":0,"388":0,"389":0,"390":0,"391":0,"392":0,"393":0,"394":0,"395":1,"396":1,"397":1},"f":{"0":1,"1":1,"2":11,"3":0,"4":2,"5":0,"6":9,"7":0,"8":0,"9":0,"10":0,"11":0,"12":2,"13":0,"14":0,"15":1,"16":0,"17":1,"18":0,"19":2,"20":4,"21":0,"22":2,"23":0,"24":0,"25":1,"26":1,"27":0,"28":1,"29":0,"30":0,"31":1,"32":2,"33":1,"34":0,"35":0,"36":0,"37":0,"38":0,"39":0,"40":0,"41":0,"42":1},"b":{"0":[1,0],"1":[0,1],"2":[1,0],"3":[0,0],"4":[0,0],"5":[8,3],"6":[2,0],"7":[2,2,2],"8":[1,1],"9":[2,1],"10":[0,1],"11":[1,0],"12":[1,0],"13":[0,0],"14":[0,0],"15":[9,0],"16":[9,9],"17":[1,8],"18":[7,1],"19":[0,0],"20":[1,1],"21":[0,1],"22":[0,1],"23":[1,1,1],"24":[0,1],"25":[0,0],"26":[0,1],"27":[0,0],"28":[0,0,0],"29":[0,1],"30":[1,1,1],"31":[0,1],"32":[1,0],"33":[0,0],"34":[1,1],"35":[2,1],"36":[1,0],"37":[1,1],"38":[0,0],"39":[0,0],"40":[0,0,0,0],"41":[0,0],"42":[0,0],"43":[0,0],"44":[0,0],"45":[0,0],"46":[0,0],"47":[0,0],"48":[0,0],"49":[0,0,0],"50":[0,0],"51":[0,0,0],"52":[0,0],"53":[0,0],"54":[0,0],"55":[0,0],"56":[0,0],"57":[0,0]},"_coverageSchema":"1a1c01bbd47fc00a2c39e90264f33305004495a9","hash":"d69646306492358978b7208b38125ee42585d9ef"}
,"/home/ilya/Documents/college-3-semester/marketplace/modules/consumer.js": {"path":"/home/ilya/Documents/college-3-semester/marketplace/modules/consumer.js","statementMap":{"0":{"start":{"line":1,"column":22},"end":{"line":1,"column":42}},"1":{"start":{"line":2,"column":25},"end":{"line":2,"column":48}},"2":{"start":{"line":3,"column":26},"end":{"line":3,"column":50}},"3":{"start":{"line":4,"column":22},"end":{"line":4,"column":42}},"4":{"start":{"line":5,"column":22},"end":{"line":5,"column":42}},"5":{"start":{"line":8,"column":26},"end":{"line":261,"column":1}},"6":{"start":{"line":11,"column":12},"end":{"line":11,"column":25}},"7":{"start":{"line":12,"column":12},"end":{"line":12,"column":36}},"8":{"start":{"line":13,"column":12},"end":{"line":13,"column":35}},"9":{"start":{"line":18,"column":12},"end":{"line":18,"column":32}},"10":{"start":{"line":23,"column":34},"end":{"line":23,"column":39}},"11":{"start":{"line":24,"column":12},"end":{"line":54,"column":13}},"12":{"start":{"line":24,"column":25},"end":{"line":24,"column":26}},"13":{"start":{"line":25,"column":16},"end":{"line":53,"column":17}},"14":{"start":{"line":26,"column":20},"end":{"line":26,"column":43}},"15":{"start":{"line":27,"column":20},"end":{"line":51,"column":21}},"16":{"start":{"line":29,"column":48},"end":{"line":29,"column":53}},"17":{"start":{"line":30,"column":24},"end":{"line":35,"column":25}},"18":{"start":{"line":30,"column":37},"end":{"line":30,"column":38}},"19":{"start":{"line":31,"column":28},"end":{"line":34,"column":29}},"20":{"start":{"line":32,"column":32},"end":{"line":32,"column":57}},"21":{"start":{"line":33,"column":32},"end":{"line":33,"column":38}},"22":{"start":{"line":36,"column":24},"end":{"line":38,"column":25}},"23":{"start":{"line":37,"column":28},"end":{"line":37,"column":106}},"24":{"start":{"line":40,"column":24},"end":{"line":47,"column":25}},"25":{"start":{"line":40,"column":37},"end":{"line":40,"column":38}},"26":{"start":{"line":41,"column":28},"end":{"line":46,"column":29}},"27":{"start":{"line":42,"column":32},"end":{"line":42,"column":69}},"28":{"start":{"line":43,"column":32},"end":{"line":43,"column":79}},"29":{"start":{"line":44,"column":32},"end":{"line":44,"column":164}},"30":{"start":{"line":45,"column":32},"end":{"line":45,"column":38}},"31":{"start":{"line":50,"column":24},"end":{"line":50,"column":228}},"32":{"start":{"line":52,"column":20},"end":{"line":52,"column":26}},"33":{"start":{"line":55,"column":12},"end":{"line":57,"column":13}},"34":{"start":{"line":56,"column":16},"end":{"line":56,"column":98}},"35":{"start":{"line":62,"column":34},"end":{"line":62,"column":39}},"36":{"start":{"line":63,"column":12},"end":{"line":81,"column":13}},"37":{"start":{"line":63,"column":25},"end":{"line":63,"column":26}},"38":{"start":{"line":64,"column":16},"end":{"line":80,"column":17}},"39":{"start":{"line":65,"column":20},"end":{"line":65,"column":43}},"40":{"start":{"line":66,"column":20},"end":{"line":79,"column":21}},"41":{"start":{"line":68,"column":24},"end":{"line":73,"column":25}},"42":{"start":{"line":68,"column":37},"end":{"line":68,"column":38}},"43":{"start":{"line":69,"column":28},"end":{"line":72,"column":29}},"44":{"start":{"line":70,"column":32},"end":{"line":70,"column":69}},"45":{"start":{"line":71,"column":32},"end":{"line":71,"column":79}},"46":{"start":{"line":75,"column":24},"end":{"line":75,"column":167}},"47":{"start":{"line":76,"column":24},"end":{"line":76,"column":30}},"48":{"start":{"line":78,"column":24},"end":{"line":78,"column":265}},"49":{"start":{"line":82,"column":12},"end":{"line":84,"column":13}},"50":{"start":{"line":83,"column":16},"end":{"line":83,"column":108}},"51":{"start":{"line":89,"column":12},"end":{"line":123,"column":13}},"52":{"start":{"line":90,"column":31},"end":{"line":90,"column":32}},"53":{"start":{"line":91,"column":32},"end":{"line":91,"column":33}},"54":{"start":{"line":92,"column":16},"end":{"line":96,"column":17}},"55":{"start":{"line":92,"column":29},"end":{"line":92,"column":30}},"56":{"start":{"line":93,"column":36},"end":{"line":93,"column":101}},"57":{"start":{"line":94,"column":20},"end":{"line":94,"column":72}},"58":{"start":{"line":95,"column":20},"end":{"line":95,"column":42}},"59":{"start":{"line":97,"column":16},"end":{"line":120,"column":17}},"60":{"start":{"line":98,"column":20},"end":{"line":112,"column":21}},"61":{"start":{"line":98,"column":33},"end":{"line":98,"column":34}},"62":{"start":{"line":99,"column":40},"end":{"line":99,"column":105}},"63":{"start":{"line":100,"column":37},"end":{"line":100,"column":96}},"64":{"start":{"line":101,"column":39},"end":{"line":101,"column":91}},"65":{"start":{"line":102,"column":24},"end":{"line":102,"column":83}},"66":{"start":{"line":103,"column":24},"end":{"line":103,"column":57}},"67":{"start":{"line":104,"column":24},"end":{"line":110,"column":25}},"68":{"start":{"line":104,"column":37},"end":{"line":104,"column":38}},"69":{"start":{"line":105,"column":28},"end":{"line":109,"column":29}},"70":{"start":{"line":106,"column":32},"end":{"line":106,"column":95}},"71":{"start":{"line":107,"column":32},"end":{"line":107,"column":93}},"72":{"start":{"line":108,"column":32},"end":{"line":108,"column":38}},"73":{"start":{"line":111,"column":24},"end":{"line":111,"column":55}},"74":{"start":{"line":113,"column":31},"end":{"line":113,"column":83}},"75":{"start":{"line":114,"column":20},"end":{"line":114,"column":69}},"76":{"start":{"line":115,"column":20},"end":{"line":115,"column":44}},"77":{"start":{"line":116,"column":20},"end":{"line":116,"column":49}},"78":{"start":{"line":117,"column":20},"end":{"line":117,"column":126}},"79":{"start":{"line":119,"column":20},"end":{"line":119,"column":208}},"80":{"start":{"line":122,"column":16},"end":{"line":122,"column":115}},"81":{"start":{"line":128,"column":12},"end":{"line":150,"column":13}},"82":{"start":{"line":128,"column":25},"end":{"line":128,"column":26}},"83":{"start":{"line":129,"column":16},"end":{"line":129,"column":54}},"84":{"start":{"line":130,"column":16},"end":{"line":130,"column":52}},"85":{"start":{"line":132,"column":40},"end":{"line":132,"column":45}},"86":{"start":{"line":133,"column":16},"end":{"line":138,"column":17}},"87":{"start":{"line":133,"column":29},"end":{"line":133,"column":30}},"88":{"start":{"line":134,"column":20},"end":{"line":137,"column":21}},"89":{"start":{"line":135,"column":24},"end":{"line":135,"column":49}},"90":{"start":{"line":136,"column":24},"end":{"line":136,"column":30}},"91":{"start":{"line":139,"column":16},"end":{"line":141,"column":17}},"92":{"start":{"line":140,"column":20},"end":{"line":140,"column":87}},"93":{"start":{"line":143,"column":16},"end":{"line":148,"column":17}},"94":{"start":{"line":143,"column":29},"end":{"line":143,"column":30}},"95":{"start":{"line":144,"column":20},"end":{"line":147,"column":21}},"96":{"start":{"line":145,"column":24},"end":{"line":145,"column":70}},"97":{"start":{"line":146,"column":24},"end":{"line":146,"column":30}},"98":{"start":{"line":149,"column":16},"end":{"line":149,"column":45}},"99":{"start":{"line":152,"column":12},"end":{"line":152,"column":49}},"100":{"start":{"line":153,"column":12},"end":{"line":153,"column":40}},"101":{"start":{"line":157,"column":27},"end":{"line":163,"column":37}},"102":{"start":{"line":164,"column":12},"end":{"line":164,"column":34}},"103":{"start":{"line":171,"column":12},"end":{"line":182,"column":13}},"104":{"start":{"line":171,"column":25},"end":{"line":171,"column":26}},"105":{"start":{"line":172,"column":16},"end":{"line":181,"column":18}},"106":{"start":{"line":184,"column":12},"end":{"line":192,"column":13}},"107":{"start":{"line":184,"column":25},"end":{"line":184,"column":26}},"108":{"start":{"line":185,"column":16},"end":{"line":191,"column":18}},"109":{"start":{"line":194,"column":12},"end":{"line":209,"column":13}},"110":{"start":{"line":194,"column":25},"end":{"line":194,"column":26}},"111":{"start":{"line":195,"column":16},"end":{"line":208,"column":17}},"112":{"start":{"line":196,"column":20},"end":{"line":205,"column":22}},"113":{"start":{"line":206,"column":20},"end":{"line":206,"column":43}},"114":{"start":{"line":207,"column":20},"end":{"line":207,"column":24}},"115":{"start":{"line":214,"column":27},"end":{"line":217,"column":9}},"116":{"start":{"line":219,"column":8},"end":{"line":221,"column":9}},"117":{"start":{"line":220,"column":12},"end":{"line":220,"column":84}},"118":{"start":{"line":223,"column":28},"end":{"line":240,"column":9}},"119":{"start":{"line":242,"column":19},"end":{"line":242,"column":21}},"120":{"start":{"line":243,"column":8},"end":{"line":251,"column":11}},"121":{"start":{"line":244,"column":12},"end":{"line":250,"column":13}},"122":{"start":{"line":245,"column":16},"end":{"line":249,"column":19}},"123":{"start":{"line":253,"column":23},"end":{"line":256,"column":9}},"124":{"start":{"line":258,"column":31},"end":{"line":258,"column":86}},"125":{"start":{"line":259,"column":8},"end":{"line":259,"column":32}},"126":{"start":{"line":263,"column":0},"end":{"line":263,"column":35}}},"fnMap":{"0":{"name":"(anonymous_0)","decl":{"start":{"line":10,"column":8},"end":{"line":10,"column":9}},"loc":{"start":{"line":10,"column":47},"end":{"line":14,"column":9}},"line":10},"1":{"name":"(anonymous_1)","decl":{"start":{"line":17,"column":8},"end":{"line":17,"column":9}},"loc":{"start":{"line":17,"column":24},"end":{"line":19,"column":9}},"line":17},"2":{"name":"(anonymous_2)","decl":{"start":{"line":22,"column":8},"end":{"line":22,"column":9}},"loc":{"start":{"line":22,"column":54},"end":{"line":58,"column":9}},"line":22},"3":{"name":"(anonymous_3)","decl":{"start":{"line":61,"column":8},"end":{"line":61,"column":9}},"loc":{"start":{"line":61,"column":57},"end":{"line":85,"column":9}},"line":61},"4":{"name":"(anonymous_4)","decl":{"start":{"line":88,"column":8},"end":{"line":88,"column":9}},"loc":{"start":{"line":88,"column":36},"end":{"line":124,"column":9}},"line":88},"5":{"name":"(anonymous_5)","decl":{"start":{"line":126,"column":8},"end":{"line":126,"column":9}},"loc":{"start":{"line":126,"column":52},"end":{"line":154,"column":9}},"line":126},"6":{"name":"(anonymous_6)","decl":{"start":{"line":156,"column":8},"end":{"line":156,"column":9}},"loc":{"start":{"line":156,"column":32},"end":{"line":165,"column":9}},"line":156},"7":{"name":"(anonymous_7)","decl":{"start":{"line":167,"column":8},"end":{"line":167,"column":9}},"loc":{"start":{"line":167,"column":31},"end":{"line":210,"column":9}},"line":167},"8":{"name":"(anonymous_8)","decl":{"start":{"line":213,"column":4},"end":{"line":213,"column":5}},"loc":{"start":{"line":213,"column":38},"end":{"line":260,"column":5}},"line":213},"9":{"name":"(anonymous_9)","decl":{"start":{"line":243,"column":33},"end":{"line":243,"column":34}},"loc":{"start":{"line":243,"column":40},"end":{"line":251,"column":9}},"line":243}},"branchMap":{"0":{"loc":{"start":{"line":10,"column":24},"end":{"line":10,"column":34}},"type":"default-arg","locations":[{"start":{"line":10,"column":30},"end":{"line":10,"column":34}}],"line":10},"1":{"loc":{"start":{"line":10,"column":36},"end":{"line":10,"column":45}},"type":"default-arg","locations":[{"start":{"line":10,"column":41},"end":{"line":10,"column":45}}],"line":10},"2":{"loc":{"start":{"line":12,"column":25},"end":{"line":12,"column":35}},"type":"binary-expr","locations":[{"start":{"line":12,"column":25},"end":{"line":12,"column":30}},{"start":{"line":12,"column":34},"end":{"line":12,"column":35}}],"line":12},"3":{"loc":{"start":{"line":13,"column":24},"end":{"line":13,"column":34}},"type":"binary-expr","locations":[{"start":{"line":13,"column":24},"end":{"line":13,"column":28}},{"start":{"line":13,"column":32},"end":{"line":13,"column":34}}],"line":13},"4":{"loc":{"start":{"line":25,"column":16},"end":{"line":53,"column":17}},"type":"if","locations":[{"start":{"line":25,"column":16},"end":{"line":53,"column":17}},{"start":{},"end":{}}],"line":25},"5":{"loc":{"start":{"line":27,"column":20},"end":{"line":51,"column":21}},"type":"if","locations":[{"start":{"line":27,"column":20},"end":{"line":51,"column":21}},{"start":{"line":49,"column":27},"end":{"line":51,"column":21}}],"line":27},"6":{"loc":{"start":{"line":31,"column":28},"end":{"line":34,"column":29}},"type":"if","locations":[{"start":{"line":31,"column":28},"end":{"line":34,"column":29}},{"start":{},"end":{}}],"line":31},"7":{"loc":{"start":{"line":36,"column":24},"end":{"line":38,"column":25}},"type":"if","locations":[{"start":{"line":36,"column":24},"end":{"line":38,"column":25}},{"start":{},"end":{}}],"line":36},"8":{"loc":{"start":{"line":41,"column":28},"end":{"line":46,"column":29}},"type":"if","locations":[{"start":{"line":41,"column":28},"end":{"line":46,"column":29}},{"start":{},"end":{}}],"line":41},"9":{"loc":{"start":{"line":55,"column":12},"end":{"line":57,"column":13}},"type":"if","locations":[{"start":{"line":55,"column":12},"end":{"line":57,"column":13}},{"start":{},"end":{}}],"line":55},"10":{"loc":{"start":{"line":64,"column":16},"end":{"line":80,"column":17}},"type":"if","locations":[{"start":{"line":64,"column":16},"end":{"line":80,"column":17}},{"start":{},"end":{}}],"line":64},"11":{"loc":{"start":{"line":66,"column":20},"end":{"line":79,"column":21}},"type":"if","locations":[{"start":{"line":66,"column":20},"end":{"line":79,"column":21}},{"start":{"line":77,"column":27},"end":{"line":79,"column":21}}],"line":66},"12":{"loc":{"start":{"line":69,"column":28},"end":{"line":72,"column":29}},"type":"if","locations":[{"start":{"line":69,"column":28},"end":{"line":72,"column":29}},{"start":{},"end":{}}],"line":69},"13":{"loc":{"start":{"line":82,"column":12},"end":{"line":84,"column":13}},"type":"if","locations":[{"start":{"line":82,"column":12},"end":{"line":84,"column":13}},{"start":{},"end":{}}],"line":82},"14":{"loc":{"start":{"line":89,"column":12},"end":{"line":123,"column":13}},"type":"if","locations":[{"start":{"line":89,"column":12},"end":{"line":123,"column":13}},{"start":{"line":121,"column":19},"end":{"line":123,"column":13}}],"line":89},"15":{"loc":{"start":{"line":97,"column":16},"end":{"line":120,"column":17}},"type":"if","locations":[{"start":{"line":97,"column":16},"end":{"line":120,"column":17}},{"start":{"line":118,"column":23},"end":{"line":120,"column":17}}],"line":97},"16":{"loc":{"start":{"line":105,"column":28},"end":{"line":109,"column":29}},"type":"if","locations":[{"start":{"line":105,"column":28},"end":{"line":109,"column":29}},{"start":{},"end":{}}],"line":105},"17":{"loc":{"start":{"line":134,"column":20},"end":{"line":137,"column":21}},"type":"if","locations":[{"start":{"line":134,"column":20},"end":{"line":137,"column":21}},{"start":{},"end":{}}],"line":134},"18":{"loc":{"start":{"line":139,"column":16},"end":{"line":141,"column":17}},"type":"if","locations":[{"start":{"line":139,"column":16},"end":{"line":141,"column":17}},{"start":{},"end":{}}],"line":139},"19":{"loc":{"start":{"line":144,"column":20},"end":{"line":147,"column":21}},"type":"if","locations":[{"start":{"line":144,"column":20},"end":{"line":147,"column":21}},{"start":{},"end":{}}],"line":144},"20":{"loc":{"start":{"line":195,"column":16},"end":{"line":208,"column":17}},"type":"if","locations":[{"start":{"line":195,"column":16},"end":{"line":208,"column":17}},{"start":{},"end":{}}],"line":195},"21":{"loc":{"start":{"line":219,"column":8},"end":{"line":221,"column":9}},"type":"if","locations":[{"start":{"line":219,"column":8},"end":{"line":221,"column":9}},{"start":{},"end":{}}],"line":219},"22":{"loc":{"start":{"line":244,"column":12},"end":{"line":250,"column":13}},"type":"if","locations":[{"start":{"line":244,"column":12},"end":{"line":250,"column":13}},{"start":{},"end":{}}],"line":244},"23":{"loc":{"start":{"line":244,"column":16},"end":{"line":244,"column":61}},"type":"binary-expr","locations":[{"start":{"line":244,"column":16},"end":{"line":244,"column":27}},{"start":{"line":244,"column":31},"end":{"line":244,"column":45}},{"start":{"line":244,"column":49},"end":{"line":244,"column":61}}],"line":244}},"s":{"0":3,"1":3,"2":3,"3":3,"4":3,"5":3,"6":12,"7":12,"8":12,"9":1,"10":4,"11":4,"12":4,"13":5,"14":3,"15":3,"16":2,"17":2,"18":2,"19":0,"20":0,"21":0,"22":2,"23":2,"24":2,"25":2,"26":2,"27":2,"28":2,"29":2,"30":2,"31":1,"32":2,"33":3,"34":1,"35":2,"36":2,"37":2,"38":1,"39":1,"40":1,"41":1,"42":1,"43":2,"44":1,"45":1,"46":1,"47":1,"48":0,"49":2,"50":1,"51":2,"52":2,"53":2,"54":2,"55":2,"56":2,"57":2,"58":2,"59":2,"60":1,"61":1,"62":1,"63":1,"64":1,"65":1,"66":0,"67":0,"68":0,"69":0,"70":0,"71":0,"72":0,"73":0,"74":0,"75":0,"76":0,"77":0,"78":0,"79":1,"80":0,"81":1,"82":1,"83":1,"84":1,"85":1,"86":1,"87":1,"88":1,"89":1,"90":1,"91":1,"92":0,"93":1,"94":1,"95":1,"96":1,"97":1,"98":1,"99":1,"100":0,"101":1,"102":1,"103":1,"104":1,"105":0,"106":1,"107":1,"108":0,"109":1,"110":1,"111":0,"112":0,"113":0,"114":0,"115":1,"116":1,"117":0,"118":1,"119":1,"120":1,"121":1,"122":0,"123":1,"124":1,"125":1,"126":3},"f":{"0":12,"1":1,"2":4,"3":2,"4":2,"5":1,"6":1,"7":1,"8":1,"9":1},"b":{"0":[0],"1":[0],"2":[12,1],"3":[12,0],"4":[3,2],"5":[2,1],"6":[0,0],"7":[2,0],"8":[2,0],"9":[1,2],"10":[1,0],"11":[1,0],"12":[1,1],"13":[1,1],"14":[2,0],"15":[1,1],"16":[0,0],"17":[1,0],"18":[0,1],"19":[1,0],"20":[0,0],"21":[0,1],"22":[0,1],"23":[1,0,0]},"_coverageSchema":"1a1c01bbd47fc00a2c39e90264f33305004495a9","hash":"553f3f5bffab158f2ee80038a7f11112baa43a1c"}
,"/home/ilya/Documents/college-3-semester/marketplace/modules/delay.js": {"path":"/home/ilya/Documents/college-3-semester/marketplace/modules/delay.js","statementMap":{"0":{"start":{"line":1,"column":23},"end":{"line":7,"column":1}},"1":{"start":{"line":3,"column":8},"end":{"line":5,"column":11}},"2":{"start":{"line":4,"column":12},"end":{"line":4,"column":36}},"3":{"start":{"line":9,"column":0},"end":{"line":9,"column":32}}},"fnMap":{"0":{"name":"(anonymous_0)","decl":{"start":{"line":2,"column":4},"end":{"line":2,"column":5}},"loc":{"start":{"line":2,"column":14},"end":{"line":6,"column":5}},"line":2},"1":{"name":"(anonymous_1)","decl":{"start":{"line":3,"column":27},"end":{"line":3,"column":28}},"loc":{"start":{"line":3,"column":45},"end":{"line":5,"column":9}},"line":3}},"branchMap":{},"s":{"0":1,"1":0,"2":0,"3":1},"f":{"0":0,"1":0},"b":{},"_coverageSchema":"1a1c01bbd47fc00a2c39e90264f33305004495a9","hash":"e21816f8cafd88ad02e6d15e2b703a0eb55d61e5"}
,"/home/ilya/Documents/college-3-semester/marketplace/modules/pool.js": {"path":"/home/ilya/Documents/college-3-semester/marketplace/modules/pool.js","statementMap":{"0":{"start":{"line":1,"column":11},"end":{"line":1,"column":24}},"1":{"start":{"line":4,"column":17},"end":{"line":4,"column":19}},"2":{"start":{"line":5,"column":13},"end":{"line":13,"column":1}},"3":{"start":{"line":15,"column":22},"end":{"line":17,"column":1}},"4":{"start":{"line":19,"column":0},"end":{"line":19,"column":31}}},"fnMap":{},"branchMap":{},"s":{"0":3,"1":3,"2":3,"3":3,"4":3},"f":{},"b":{},"_coverageSchema":"1a1c01bbd47fc00a2c39e90264f33305004495a9","hash":"4ef6a348d0c264d453ce8cb6358430458f4cb150"}
,"/home/ilya/Documents/college-3-semester/marketplace/modules/producer.js": {"path":"/home/ilya/Documents/college-3-semester/marketplace/modules/producer.js","statementMap":{"0":{"start":{"line":1,"column":22},"end":{"line":1,"column":42}},"1":{"start":{"line":4,"column":26},"end":{"line":184,"column":1}},"2":{"start":{"line":7,"column":12},"end":{"line":7,"column":25}},"3":{"start":{"line":8,"column":12},"end":{"line":8,"column":36}},"4":{"start":{"line":9,"column":12},"end":{"line":9,"column":41}},"5":{"start":{"line":14,"column":12},"end":{"line":20,"column":13}},"6":{"start":{"line":15,"column":16},"end":{"line":15,"column":81}},"7":{"start":{"line":17,"column":16},"end":{"line":19,"column":17}},"8":{"start":{"line":18,"column":20},"end":{"line":18,"column":84}},"9":{"start":{"line":25,"column":12},"end":{"line":25,"column":32}},"10":{"start":{"line":30,"column":43},"end":{"line":30,"column":48}},"11":{"start":{"line":31,"column":12},"end":{"line":36,"column":13}},"12":{"start":{"line":31,"column":25},"end":{"line":31,"column":26}},"13":{"start":{"line":32,"column":16},"end":{"line":35,"column":17}},"14":{"start":{"line":33,"column":20},"end":{"line":33,"column":52}},"15":{"start":{"line":34,"column":20},"end":{"line":34,"column":26}},"16":{"start":{"line":37,"column":12},"end":{"line":39,"column":13}},"17":{"start":{"line":38,"column":16},"end":{"line":38,"column":119}},"18":{"start":{"line":41,"column":12},"end":{"line":69,"column":13}},"19":{"start":{"line":41,"column":25},"end":{"line":41,"column":26}},"20":{"start":{"line":42,"column":16},"end":{"line":68,"column":17}},"21":{"start":{"line":43,"column":20},"end":{"line":66,"column":21}},"22":{"start":{"line":44,"column":54},"end":{"line":44,"column":59}},"23":{"start":{"line":45,"column":24},"end":{"line":50,"column":25}},"24":{"start":{"line":45,"column":37},"end":{"line":45,"column":38}},"25":{"start":{"line":46,"column":28},"end":{"line":49,"column":29}},"26":{"start":{"line":47,"column":32},"end":{"line":47,"column":63}},"27":{"start":{"line":48,"column":32},"end":{"line":48,"column":38}},"28":{"start":{"line":51,"column":24},"end":{"line":53,"column":25}},"29":{"start":{"line":52,"column":28},"end":{"line":52,"column":117}},"30":{"start":{"line":55,"column":24},"end":{"line":61,"column":25}},"31":{"start":{"line":55,"column":37},"end":{"line":55,"column":38}},"32":{"start":{"line":56,"column":28},"end":{"line":60,"column":29}},"33":{"start":{"line":57,"column":32},"end":{"line":57,"column":77}},"34":{"start":{"line":58,"column":32},"end":{"line":58,"column":153}},"35":{"start":{"line":59,"column":32},"end":{"line":59,"column":38}},"36":{"start":{"line":63,"column":24},"end":{"line":63,"column":70}},"37":{"start":{"line":65,"column":24},"end":{"line":65,"column":250}},"38":{"start":{"line":67,"column":20},"end":{"line":67,"column":26}},"39":{"start":{"line":74,"column":43},"end":{"line":74,"column":48}},"40":{"start":{"line":75,"column":12},"end":{"line":80,"column":13}},"41":{"start":{"line":75,"column":25},"end":{"line":75,"column":26}},"42":{"start":{"line":76,"column":16},"end":{"line":79,"column":17}},"43":{"start":{"line":77,"column":20},"end":{"line":77,"column":52}},"44":{"start":{"line":78,"column":20},"end":{"line":78,"column":26}},"45":{"start":{"line":81,"column":12},"end":{"line":83,"column":13}},"46":{"start":{"line":82,"column":16},"end":{"line":82,"column":84}},"47":{"start":{"line":85,"column":12},"end":{"line":105,"column":13}},"48":{"start":{"line":85,"column":25},"end":{"line":85,"column":26}},"49":{"start":{"line":86,"column":16},"end":{"line":104,"column":17}},"50":{"start":{"line":87,"column":42},"end":{"line":87,"column":47}},"51":{"start":{"line":88,"column":20},"end":{"line":100,"column":21}},"52":{"start":{"line":88,"column":33},"end":{"line":88,"column":34}},"53":{"start":{"line":89,"column":24},"end":{"line":99,"column":25}},"54":{"start":{"line":90,"column":28},"end":{"line":90,"column":51}},"55":{"start":{"line":91,"column":28},"end":{"line":98,"column":29}},"56":{"start":{"line":92,"column":32},"end":{"line":92,"column":77}},"57":{"start":{"line":93,"column":32},"end":{"line":93,"column":78}},"58":{"start":{"line":94,"column":32},"end":{"line":94,"column":169}},"59":{"start":{"line":95,"column":32},"end":{"line":95,"column":38}},"60":{"start":{"line":97,"column":32},"end":{"line":97,"column":257}},"61":{"start":{"line":101,"column":20},"end":{"line":103,"column":21}},"62":{"start":{"line":102,"column":24},"end":{"line":102,"column":106}},"63":{"start":{"line":110,"column":34},"end":{"line":110,"column":39}},"64":{"start":{"line":111,"column":12},"end":{"line":122,"column":13}},"65":{"start":{"line":111,"column":25},"end":{"line":111,"column":26}},"66":{"start":{"line":112,"column":16},"end":{"line":121,"column":17}},"67":{"start":{"line":113,"column":20},"end":{"line":113,"column":43}},"68":{"start":{"line":114,"column":20},"end":{"line":120,"column":21}},"69":{"start":{"line":115,"column":24},"end":{"line":115,"column":50}},"70":{"start":{"line":116,"column":24},"end":{"line":116,"column":128}},"71":{"start":{"line":117,"column":24},"end":{"line":117,"column":30}},"72":{"start":{"line":119,"column":24},"end":{"line":119,"column":172}},"73":{"start":{"line":123,"column":12},"end":{"line":125,"column":13}},"74":{"start":{"line":124,"column":16},"end":{"line":124,"column":98}},"75":{"start":{"line":129,"column":27},"end":{"line":135,"column":37}},"76":{"start":{"line":136,"column":12},"end":{"line":136,"column":34}},"77":{"start":{"line":141,"column":31},"end":{"line":144,"column":9}},"78":{"start":{"line":146,"column":8},"end":{"line":148,"column":9}},"79":{"start":{"line":147,"column":12},"end":{"line":147,"column":80}},"80":{"start":{"line":150,"column":27},"end":{"line":153,"column":9}},"81":{"start":{"line":155,"column":29},"end":{"line":155,"column":51}},"82":{"start":{"line":156,"column":25},"end":{"line":156,"column":43}},"83":{"start":{"line":158,"column":31},"end":{"line":158,"column":98}},"84":{"start":{"line":159,"column":8},"end":{"line":159,"column":32}},"85":{"start":{"line":163,"column":27},"end":{"line":166,"column":9}},"86":{"start":{"line":168,"column":8},"end":{"line":170,"column":9}},"87":{"start":{"line":169,"column":12},"end":{"line":169,"column":76}},"88":{"start":{"line":172,"column":25},"end":{"line":172,"column":43}},"89":{"start":{"line":174,"column":31},"end":{"line":177,"column":9}},"90":{"start":{"line":179,"column":29},"end":{"line":179,"column":51}},"91":{"start":{"line":181,"column":31},"end":{"line":181,"column":98}},"92":{"start":{"line":182,"column":8
[...]
},"end":{"line":213,"column":22}},"116":{"start":{"line":214,"column":20},"end":{"line":214,"column":52}},"117":{"start":{"line":222,"column":27},"end":{"line":225,"column":9}},"118":{"start":{"line":227,"column":8},"end":{"line":229,"column":9}},"119":{"start":{"line":228,"column":12},"end":{"line":228,"column":76}},"120":{"start":{"line":231,"column":19},"end":{"line":231,"column":23}},"121":{"start":{"line":232,"column":21},"end":{"line":232,"column":25}},"122":{"start":{"line":234,"column":31},"end":{"line":237,"column":9}},"123":{"start":{"line":239,"column":31},"end":{"line":242,"column":9}},"124":{"start":{"line":244,"column":28},"end":{"line":247,"column":9}},"125":{"start":{"line":249,"column":8},"end":{"line":258,"column":9}},"126":{"start":{"line":250,"column":12},"end":{"line":250,"column":30}},"127":{"start":{"line":251,"column":12},"end":{"line":251,"column":47}},"128":{"start":{"line":252,"column":15},"end":{"line":258,"column":9}},"129":{"start":{"line":253,"column":12},"end":{"line":253,"column":30}},"130":{"start":{"line":254,"column":12},"end":{"line":254,"column":47}},"131":{"start":{"line":255,"column":15},"end":{"line":258,"column":9}},"132":{"start":{"line":256,"column":12},"end":{"line":256,"column":27}},"133":{"start":{"line":257,"column":12},"end":{"line":257,"column":44}},"134":{"start":{"line":260,"column":37},"end":{"line":274,"column":9}},"135":{"start":{"line":276,"column":28},"end":{"line":276,"column":30}},"136":{"start":{"line":277,"column":8},"end":{"line":284,"column":11}},"137":{"start":{"line":278,"column":12},"end":{"line":283,"column":13}},"138":{"start":{"line":279,"column":16},"end":{"line":282,"column":19}},"139":{"start":{"line":286,"column":23},"end":{"line":291,"column":9}},"140":{"start":{"line":293,"column":29},"end":{"line":293,"column":133}},"141":{"start":{"line":294,"column":8},"end":{"line":294,"column":28}},"142":{"start":{"line":298,"column":31},"end":{"line":301,"column":9}},"143":{"start":{"line":303,"column":8},"end":{"line":305,"column":9}},"144":{"start":{"line":304,"column":12},"end":{"line":304,"column":84}},"145":{"start":{"line":307,"column":29},"end":{"line":307,"column":51}},"146":{"start":{"line":309,"column":27},"end":{"line":312,"column":9}},"147":{"start":{"line":314,"column":8},"end":{"line":316,"column":9}},"148":{"start":{"line":315,"column":12},"end":{"line":315,"column":104}},"149":{"start":{"line":318,"column":37},"end":{"line":332,"column":9}},"150":{"start":{"line":334,"column":28},"end":{"line":334,"column":30}},"151":{"start":{"line":335,"column":8},"end":{"line":342,"column":11}},"152":{"start":{"line":336,"column":12},"end":{"line":341,"column":13}},"153":{"start":{"line":337,"column":16},"end":{"line":340,"column":19}},"154":{"start":{"line":344,"column":23},"end":{"line":349,"column":9}},"155":{"start":{"line":351,"column":29},"end":{"line":351,"column":133}},"156":{"start":{"line":352,"column":8},"end":{"line":352,"column":28}},"157":{"start":{"line":356,"column":31},"end":{"line":359,"column":9}},"158":{"start":{"line":361,"column":8},"end":{"line":363,"column":9}},"159":{"start":{"line":362,"column":12},"end":{"line":362,"column":84}},"160":{"start":{"line":365,"column":29},"end":{"line":365,"column":51}},"161":{"start":{"line":367,"column":27},"end":{"line":370,"column":9}},"162":{"start":{"line":372,"column":8},"end":{"line":374,"column":9}},"163":{"start":{"line":373,"column":12},"end":{"line":373,"column":102}},"164":{"start":{"line":376,"column":37},"end":{"line":390,"column":9}},"165":{"start":{"line":392,"column":28},"end":{"line":392,"column":30}},"166":{"start":{"line":393,"column":8},"end":{"line":400,"column":11}},"167":{"start":{"line":394,"column":12},"end":{"line":399,"column":13}},"168":{"start":{"line":395,"column":16},"end":{"line":398,"column":19}},"169":{"start":{"line":402,"column":23},"end":{"line":407,"column":9}},"170":{"start":{"line":409,"column":29},"end":{"line":409,"column":133}},"171":{"start":{"line":410,"column":8},"end":{"line":410,"column":28}},"172":{"start":{"line":414,"column":28},"end":{"line":417,"column":9}},"173":{"start":{"line":419,"column":8},"end":{"line":421,"column":9}},"174":{"start":{"line":420,"column":12},"end":{"line":420,"column":78}},"175":{"start":{"line":423,"column":26},"end":{"line":423,"column":45}},"176":{"start":{"line":425,"column":27},"end":{"line":428,"column":9}},"177":{"start":{"line":430,"column":8},"end":{"line":432,"column":9}},"178":{"start":{"line":431,"column":12},"end":{"line":431,"column":99}},"179":{"start":{"line":434,"column":37},"end":{"line":448,"column":9}},"180":{"start":{"line":450,"column":28},"end":{"line":450,"column":30}},"181":{"start":{"line":451,"column":8},"end":{"line":458,"column":11}},"182":{"start":{"line":452,"column":12},"end":{"line":457,"column":13}},"183":{"start":{"line":453,"column":16},"end":{"line":456,"column":19}},"184":{"start":{"line":460,"column":23},"end":{"line":465,"column":9}},"185":{"start":{"line":467,"column":29},"end":{"line":467,"column":133}},"186":{"start":{"line":468,"column":8},"end":{"line":468,"column":28}},"187":{"start":{"line":472,"column":0},"end":{"line":472,"column":31}}},"fnMap":{"0":{"name":"checkMoneyValue","decl":{"start":{"line":8,"column":9},"end":{"line":8,"column":24}},"loc":{"start":{"line":8,"column":32},"end":{"line":16,"column":1}},"line":8},"1":{"name":"checkQuantityValue","decl":{"start":{"line":19,"column":9},"end":{"line":19,"column":27}},"loc":{"start":{"line":19,"column":38},"end":{"line":27,"column":1}},"line":19},"2":{"name":"(anonymous_2)","decl":{"start":{"line":31,"column":8},"end":{"line":31,"column":9}},"loc":{"start":{"line":31,"column":84},"end":{"line":54,"column":9}},"line":31},"3":{"name":"(anonymous_3)","decl":{"start":{"line":57,"column":8},"end":{"line":57,"column":9}},"loc":{"start":{"line":57,"column":35},"end":{"line":73,"column":9}},"line":57},"4":{"name":"(anonymous_4)","decl":{"start":{"line":76,"column":8},"end":{"line":76,"column":9}},"loc":{"start":{"line":76,"column":40},"end":{"line":83,"column":9}},"line":76},"5":{"name":"(anonymous_5)","decl":{"start":{"line":86,"column":8},"end":{"line":86,"column":9}},"loc":{"start":{"line":86,"column":45},"end":{"line":97,"column":9}},"line":86},"6":{"name":"(anonymous_6)","decl":{"start":{"line":100,"column":8},"end":{"line":100,"column":9}},"loc":{"start":{"line":100,"column":56},"end":{"line":107,"column":9}},"line":100},"7":{"name":"(anonymous_7)","decl":{"start":{"line":110,"column":8},"end":{"line":110,"column":9}},"loc":{"start":{"line":110,"column":61},"end":{"line":117,"column":9}},"line":110},"8":{"name":"(anonymous_8)","decl":{"start":{"line":120,"column":8},"end":{"line":120,"column":9}},"loc":{"start":{"line":120,"column":28},"end":{"line":124,"column":9}},"line":120},"9":{"name":"(anonymous_9)","decl":{"start":{"line":126,"column":8},"end":{"line":126,"column":9}},"loc":{"start":{"line":126,"column":50},"end":{"line":134,"column":9}},"line":126},"10":{"name":"(anonymous_10)","decl":{"start":{"line":136,"column":8},"end":{"line":136,"column":9}},"loc":{"start":{"line":136,"column":55},"end":{"line":144,"column":9}},"line":136},"11":{"name":"(anonymous_11)","decl":{"start":{"line":146,"column":8},"end":{"line":146,"column":9}},"loc":{"start":{"line":146,"column":45},"end":{"line":152,"column":9}},"line":146},"12":{"name":"(anonymous_12)","decl":{"start":{"line":154,"column":8},"end":{"line":154,"column":9}},"loc":{"start":{"line":154,"column":56},"end":{"line":175,"column":9}},"line":154},"13":{"name":"(anonymous_13)","decl":{"start":{"line":177,"column":8},"end":{"line":177,"column":9}},"loc":{"start":{"line":177,"column":40},"end":{"line":217,"column":9}},"line":177},"14":{"name":"(anonymous_14)","decl":{"start":{"line":221,"column":4},"end":{"line":221,"column":5}},"loc":{"start":{"line":221,"column":34},"end":{"line":295,"column":5}},"line":221},"15":{"name":"(anonymous_15)","decl":{"start":{"line":277,"column":42},"end":{"line":277,"column":43}},"loc":{"start":{"line":277,"column":49},"end":{"line":284,"column":9}},"line":277},"16":{"name":"(anonymous_16)","decl":{"start":{"line":297,"column":4},"end":{"line":297,"column":5}},"loc":{"start":{"line":297,"column":46},"end":{"line":353,"column":5}},"line":297},"17":{"name":"(anonymous_17)","decl":{"start":{"line":335,"column":42},"end":{"line":335,"column":43}},"loc":{"start":{"line":335,"column":49},"end":{"line":342,"column":9}},"line":335},"18":{"name":"(anonymous_18)","decl":{"start":{"line":355,"column":4},"end":{"line":355,"column":5}},"loc":{"start":{"line":355,"column":46},"end":{"line":411,"column":5}},"line":355},"19":{"name":"(anonymous_19)","decl":{"start":{"line":393,"column":42},"end":{"line":393,"column":43}},"loc":{"start":{"line":393,"column":49},"end":{"line":400,"column":9}},"line":393},"20":{"name":"(anonymous_20)","decl":{"start":{"line":413,"column":4},"end":{"line":413,"column":5}},"loc":{"start":{"line":413,"column":40},"end":{"line":469,"column":5}},"line":413},"21":{"name":"(anonymous_21)","decl":{"start":{"line":451,"column":42},"end":{"line":451,"column":43}},"loc":{"start":{"line":451,"column":49},"end":{"line":458,"column":9}},"line":451}},"branchMap":{"0":{"loc":{"start":{"line":9,"column":4},"end":{"line":15,"column":5}},"type":"if","locations":[{"start":{"line":9,"column":4},"end":{"line":15,"column":5}},{"start":{"line":11,"column":11},"end":{"line":15,"column":5}}],"line":9},"1":{"loc":{"start":{"line":12,"column":8},"end":{"line":14,"column":9}},"type":"if","locations":[{"start":{"line":12,"column":8},"end":{"line":14,"column":9}},{"start":{},"end":{}}],"line":12},"2":{"loc":{"start":{"line":20,"column":4},"end":{"line":26,"column":5}},"type":"if","locations":[{"start":{"line":20,"column":4},"end":{"line":26,"column":5}},{"start":{"line":22,"column":11},"end":{"line":26,"column":5}}],"line":20},"3":{"loc":{"start":{"line":23,"column":8},"end":{"line":25,"column":9}},"type":"if","locations":[{"start":{"line":23,"column":8},"end":{"line":25,"column":9}},{"start":{},"end":{}}],"line":23},"4":{"loc":{"start":{"line":31,"column":40},"end":{"line":31,"column":49}},"type":"default-arg","locations":[{"start":{"line":31,"column":45},"end":{"line":31,"column":49}}],"line":31},"5":{"loc":{"start":{"line":31,"column":51},"end":{"line":31,"column":62}},"type":"default-arg","locations":[{"start":{"line":31,"column":58},"end":{"line":31,"column":62}}],"line":31},"6":{"loc":{"start":{"line":31,"column":64},"end":{"line":31,"column":82}},"type":"default-arg","locations":[{"start":{"line":31,"column":78},"end":{"line":31,"column":82}}],"line":31},"7":{"loc":{"start":{"line":35,"column":33},"end":{"line":35,"column":52}},"type":"binary-expr","locations":[{"start":{"line":35,"column":33},"end":{"line":35,"column":46}},{"start":{"line":35,"column":50},"end":{"line":35,"column":52}}],"line":35},"8":{"loc":{"start":{"line":37,"column":12},"end":{"line":53,"column":13}},"type":"if","locations":[{"start":{"line":37,"column":12},"end":{"line":53,"column":13}},{"start":{"line":41,"column":19},"end":{"line":53,"column":13}}],"line":37},"9":{"loc":{"start":{"line":41,"column":19},"end":{"line":53,"column":13}},"type":"if","locations":[{"start":{"line":41,"column":19},"end":{"line":53,"column":13}},{"start":{"line":45,"column":19},"end":{"line":53,"column":13}}],"line":41},"10":{"loc":{"start":{"line":45,"column":19},"end":{"line":53,"column":13}},"type":"if","locations":[{"start":{"line":45,"column":19},"end":{"line":53,"column":13}},{"start":{"line":49,"column":19},"end":{"line":53,"column":13}}],"line":45},"11":{"loc":{"start":{"line":58,"column":12},"end":{"line":72,"column":13}},"type":"if","locations":[{"start":{"line":58,"column":12},"end":{"line":72,"column":13}},{"start":{"line":62,"column":19},"end":{"line":72,"column":13}}],"line":58},"12":{"loc":{"start":{"line":59,"column":16},"end":{"line":61,"column":17}},"type":"if","locations":[{"start":{"line":59,"column":16},"end":{"line":61,"column":17}},{"start":{},"end":{}}],"line":59},"13":{"loc":{"start":{"line":62,"column":19},"end":{"line":72,"column":13}},"type":"if","locations":[{"start":{"line":62,"column":19},"end":{"line":72,"column":13}},{"start":{"line":66,"column":19},"end":{"line":72,"column":13}}],"line":62},"14":{"loc":{"start":{"line":63,"column":16},"end":{"line":65,"column":17}},"type":"if","locations":[{"start":{"line":63,"column":16},"end":{"line":65,"column":17}},{"start":{},"end":{}}],"line":63},"15":{"loc":{"start":{"line":66,"column":19},"end":{"line":72,"column":13}},"type":"if","locations":[{"start":{"line":66,"column":19},"end":{"line":72,"column":13}},{"start":{"line":70,"column":19},"end":{"line":72,"column":13}}],"line":66},"16":{"loc":{"start":{"line":67,"column":16},"end":{"line":69,"column":17}},"type":"if","locations":[{"start":{"line":67,"column":16},"end":{"line":69,"column":17}},{"start":{},"end":{}}],"line":67},"17":{"loc":{"start":{"line":90,"column":12},"end":{"line":96,"column":13}},"type":"if","locations":[{"start":{"line":90,"column":12},"end":{"line":96,"column":13}},{"start":{"line":94,"column":19},"end":{"line":96,"column":13}}],"line":90},"18":{"loc":{"start":{"line":159,"column":16},"end":{"line":162,"column":17}},"type":"if","locations":[{"start":{"line":159,"column":16},"end":{"line":162,"column":17}},{"start":{},"end":{}}],"line":159},"19":{"loc":{"start":{"line":164,"column":12},"end":{"line":166,"column":13}},"type":"if","locations":[{"start":{"line":164,"column":12},"end":{"line":166,"column":13}},{"start":{},"end":{}}],"line":164},"20":{"loc":{"start":{"line":169,"column":16},"end":{"line":172,"column":17}},"type":"if","locations":[{"start":{"line":169,"column":16},"end":{"line":172,"column":17}},{"start":{},"end":{}}],"line":169},"21":{"loc":{"start":{"line":204,"column":16},"end":{"line":215,"column":17}},"type":"if","locations":[{"start":{"line":204,"column":16},"end":{"line":215,"column":17}},{"start":{},"end":{}}],"line":204},"22":{"loc":{"start":{"line":227,"column":8},"end":{"line":229,"column":9}},"type":"if","locations":[{"start":{"line":227,"column":8},"end":{"line":229,"column":9}},{"start":{},"end":{}}],"line":227},"23":{"loc":{"start":{"line":249,"column":8},"end":{"line":258,"column":9}},"type":"if","locations":[{"start":{"line":249,"column":8},"end":{"line":258,"column":9}},{"start":{"line":252,"column":15},"end":{"line":258,"column":9}}],"line":249},"24":{"loc":{"start":{"line":252,"column":15},"end":{"line":258,"column":9}},"type":"if","locations":[{"start":{"line":252,"column":15},"end":{"line":258,"column":9}},{"start":{"line":255,"column":15},"end":{"line":258,"column":9}}],"line":252},"25":{"loc":{"start":{"line":255,"column":15},"end":{"line":258,"column":9}},"type":"if","locations":[{"start":{"line":255,"column":15},"end":{"line":258,"column":9}},{"start":{},"end":{}}],"line":255},"26":{"loc":{"start":{"line":278,"column":12},"end":{"line":283,"column":13}},"type":"if","locations":[{"start":{"line":278,"column":12},"end":{"line":283,"column":13}},{"start":{},"end":{}}],"line":278},"27":{"loc":{"start":{"line":278,"column":16},"end":{"line":278,"column":64}},"type":"binary-expr","locations":[{"start":{"line":278,"column":16},"end":{"line":278,"column":39}},{"start":{"line":278,"column":43},"end":{"line":278,"column":64}}],"line":278},"28":{"loc":{"start":{"line":303,"column":8},"end":{"line":305,"column":9}},"type":"if","locations":[{"start":{"line":303,"column":8},"end":{"line":305,"column":9}},{"start":{},"end":{}}],"line":303},"29":{"loc":{"start":{"line":314,"column":8},"end":{"line":316,"column":9}},"type":"if","locations":[{"start":{"line":314,"column":8},"end":{"line":316,"column":9}},{"start":{},"end":{}}],"line":314},"30":{"loc":{"start":{"line":336,"column":12},"end":{"line":341,"column":13}},"type":"if","locations":[{"start":{"line":336,"column":12},"end":{"line":341,"column":13}},{"start":{},"end":{}}],"line":336},"31":{"loc":{"start":{"line":336,"column":16},"end":{"line":336,"column":64}},"type":"binary-expr","locations":[{"start":{"line":336,"column":16},"end":{"line":336,"column":39}},{"start":{"line":336,"column":43},"end":{"line":336,"column":64}}],"line":336},"32":{"loc":{"start":{"line":361,"column":8},"end":{"line":363,"column":9}},"type":"if","locations":[{"start":{"line":361,"column":8},"end":{"line":363,"column":9}},{"start":{},"end":{}}],"line":361},"33":{"loc":{"start":{"line":372,"column":8},"end":{"line":374,"column":9}},"type":"if","locations":[{"start":{"line":372,"column":8},"end":{"line":374,"column":9}},{"start":{},"end":{}}],"line":372},"34":{"loc":{"start":{"line":394,"column":12},"end":{"line":399,"column":13}},"type":"if","locations":[{"start":{"line":394,"column":12},"end":{"line":399,"column":13}},{"start":{},"end":{}}],"line":394},"35":{"loc":{"start":{"line":394,"column":16},"end":{"line":394,"column":64}},"type":"binary-expr","locations":[{"start":{"line":394,"column":16},"end":{"line":394,"column":39}},{"start":{"line":394,"column":43},"end":{"line":394,"column":64}}],"line":394},"36":{"loc":{"start":{"line":419,"column":8},"end":{"line":421,"column":9}},"type":"if","locations":[{"start":{"line":419,"column":8},"end":{"line":421,"column":9}},{"start":{},"end":{}}],"line":419},"37":{"loc":{"start":{"line":430,"column":8},"end":{"line":432,"column":9}},"type":"if","locations":[{"start":{"line":430,"column":8},"end":{"line":432,"column":9}},{"start":{},"end":{}}],"line":430},"38":{"loc":{"start":{"line":452,"column":12},"end":{"line":457,"column":13}},"type":"if","locations":[{"start":{"line":452,"column":12},"end":{"line":457,"column":13}},{"start":{},"end":{}}],"line":452},"39":{"loc":{"start":{"line":452,"column":16},"end":{"line":452,"column":64}},"type":"binary-expr","locations":[{"start":{"line":452,"column":16},"end":{"line":452,"column":39}},{"start":{"line":452,"column":43},"end":{"line":452,"column":64}}],"line":452}},"s":{"0":2,"1":2,"2":2,"3":2,"4":0,"5":0,"6":0,"7":0,"8":0,"9":0,"10":0,"11":0,"12":2,"13":4,"14":4,"15":4,"16":4,"17":4,"18":4,"19":4,"20":4,"21":4,"22":0,"23":0,"24":0,"25":0,"26":0,"27":0,"28":0,"29":0,"30":0,"31":0,"32":0,"33":2,"34":0,"35":0,"36":2,"37":2,"38":2,"39":0,"40":0,"41":0,"42":0,"43":0,"44":0,"45":0,"46":0,"47":0,"48":0,"49":0,"50":0,"51":0,"52":0,"53":0,"54":0,"55":0,"56":0,"57":0,"58":0,"59":0,"60":0,"61":0,"62":0,"63":0,"64":0,"65":0,"66":0,"67":0,"68":0,"69":0,"70":0,"71":0,"72":1,"73":0,"74":0,"75":0,"76":0,"77":0,"78":0,"79":1,"80":0,"81":0,"82":0,"83":0,"84":0,"85":0,"86":0,"87":0,"88":0,"89":0,"90":0,"91":0,"92":0,"93":0,"94":0,"95":0,"96":0,"97":0,"98":0,"99":0,"100":0,"101":0,"102":0,"103":0,"104":0,"105":0,"106":0,"107":0,"108":0,"109":0,"110":0,"111":0,"112":0,"113":0,"114":0,"115":0,"116":0,"117":4,"118":4,"119":0,"120":4,"121":4,"122":4,"123":4,"124":4,"125":4,"126":4,"127":4,"128":0,"129":0,"130":0,"131":0,"132":0,"133":0,"134":4,"135":4,"136":4,"137":4,"138":0,"139":4,"140":4,"141":4,"142":0,"143":0,"144":0,"145":0,"146":0,"147":0,"148":0,"149":0,"150":0,"151":0,"152":0,"153":0,"154":0,"155":0,"156":0,"157":0,"158":0,"159":0,"160":0,"161":0,"162":0,"163":0,"164":0,"165":0,"166":0,"167":0,"168":0,"169":0,"170":0,"171":0,"172":0,"173":0,"174":0,"175":0,"176":0,"177":0,"178":0,"179":0,"180":0,"181":0,"182":0,"183":0,"184":0,"185":0,"186":0,"187":2},"f":{"0":0,"1":0,"2":4,"3":2,"4":0,"5":0,"6":0,"7":0,"8":0,"9":1,"10":1,"11":0,"12":0,"13":0,"14":4,"15":4,"16":0,"17":0,"18":0,"19":0,"20":0,"21":0},"b":{"0":[0,0],"1":[0,0],"2":[0,0],"3":[0,0],"4":[0],"5":[0],"6":[0],"7":[4,0],"8":[4,0],"9":[0,0],"10":[0,0],"11":[0,2],"12":[0,0],"13":[2,0],"14":[2,0],"15":[0,0],"16":[0,0],"17":[0,0],"18":[0,0],"19":[0,0],"20":[0,0],"21":[0,0],"22":[0,4],"23":[4,0],"24":[0,0],"25":[0,0],"26":[0,4],"27":[4,0],"28":[0,0],"29":[0,0],"30":[0,0],"31":[0,0],"32":[0,0],"33":[0,0],"34":[0,0],"35":[0,0],"36":[0,0],"37":[0,0],"38":[0,0],"39":[0,0]},"_coverageSchema":"1a1c01bbd47fc00a2c39e90264f33305004495a9","hash":"4159c5c96a8a131a0a9e3f8d1be6f5d790d2b6ee"}
}
