TN:
SF:app.js
FN:36,(anonymous_0)
FN:44,(anonymous_1)
FN:59,checkAuth
FN:70,(anonymous_3)
FN:74,(anonymous_4)
FN:130,(anonymous_5)
FN:134,(anonymous_6)
FN:166,(anonymous_7)
FN:172,(anonymous_8)
FN:176,(anonymous_9)
FN:180,(anonymous_10)
FN:197,(anonymous_11)
FN:201,(anonymous_12)
FN:211,(anonymous_13)
FN:235,(anonymous_14)
FN:239,(anonymous_15)
FN:270,(anonymous_16)
FN:274,(anonymous_17)
FN:280,(anonymous_18)
FN:284,(anonymous_19)
FN:294,(anonymous_20)
FN:322,(anonymous_21)
FN:326,(anonymous_22)
FN:346,(anonymous_23)
FN:350,(anonymous_24)
FN:374,(anonymous_25)
FN:378,(anonymous_26)
FN:402,(anonymous_27)
FN:428,(anonymous_28)
FN:454,(anonymous_29)
FN:472,(anonymous_30)
FN:491,(anonymous_31)
FN:525,(anonymous_32)
FN:550,(anonymous_33)
FN:574,(anonymous_34)
FN:598,(anonymous_35)
FN:640,(anonymous_36)
FN:664,(anonymous_37)
FN:668,(anonymous_38)
FN:688,(anonymous_39)
FN:711,(anonymous_40)
FN:715,(anonymous_41)
FN:784,(anonymous_42)
FNF:43
FNH:18
FNDA:1,(anonymous_0)
FNDA:1,(anonymous_1)
FNDA:11,checkAuth
FNDA:0,(anonymous_3)
FNDA:2,(anonymous_4)
FNDA:0,(anonymous_5)
FNDA:9,(anonymous_6)
FNDA:0,(anonymous_7)
FNDA:0,(anonymous_8)
FNDA:0,(anonymous_9)
FNDA:0,(anonymous_10)
FNDA:0,(anonymous_11)
FNDA:2,(anonymous_12)
FNDA:0,(anonymous_13)
FNDA:0,(anonymous_14)
FNDA:1,(anonymous_15)
FNDA:0,(anonymous_16)
FNDA:1,(anonymous_17)
FNDA:0,(anonymous_18)
FNDA:2,(anonymous_19)
FNDA:4,(anonymous_20)
FNDA:0,(anonymous_21)
FNDA:2,(anonymous_22)
FNDA:0,(anonymous_23)
FNDA:0,(anonymous_24)
FNDA:1,(anonymous_25)
FNDA:1,(anonymous_26)
FNDA:0,(anonymous_27)
FNDA:1,(anonymous_28)
FNDA:0,(anonymous_29)
FNDA:0,(anonymous_30)
FNDA:1,(anonymous_31)
FNDA:2,(anonymous_32)
FNDA:1,(anonymous_33)
FNDA:0,(anonymous_34)
FNDA:0,(anonymous_35)
FNDA:0,(anonymous_36)
FNDA:0,(anonymous_37)
FNDA:0,(anonymous_38)
FNDA:0,(anonymous_39)
FNDA:0,(anonymous_40)
FNDA:0,(anonymous_41)
FNDA:1,(anonymous_42)
DA:1,1
DA:2,1
DA:3,1
DA:5,1
DA:6,1
DA:7,1
DA:9,1
DA:10,1
DA:11,1
DA:12,1
DA:13,1
DA:14,1
DA:15,1
DA:18,1
DA:19,1
DA:20,1
DA:22,1
DA:24,1
DA:25,1
DA:29,1
DA:36,1
DA:37,1
DA:38,1
DA:40,0
DA:44,1
DA:45,1
DA:46,0
DA:48,1
DA:49,1
DA:50,0
DA:51,0
DA:52,0
DA:53,0
DA:54,0
DA:55,0
DA:60,11
DA:61,8
DA:63,3
DA:70,1
DA:71,0
DA:74,1
DA:75,2
DA:77,2
DA:78,2
DA:79,2
DA:80,1
DA:83,1
DA:84,0
DA:87,1
DA:89,1
DA:90,1
DA:93,0
DA:95,0
DA:99,0
DA:101,0
DA:103,0
DA:104,0
DA:108,0
DA:109,0
DA:114,0
DA:119,0
DA:121,0
DA:123,0
DA:126,0
DA:130,1
DA:131,0
DA:134,1
DA:135,9
DA:137,9
DA:138,9
DA:139,9
DA:141,9
DA:142,1
DA:145,8
DA:146,8
DA:148,8
DA:149,7
DA:154,7
DA:156,1
DA:159,0
DA:162,0
DA:166,1
DA:167,0
DA:168,0
DA:172,1
DA:173,0
DA:176,1
DA:177,0
DA:180,1
DA:181,0
DA:182,0
DA:183,0
DA:186,0
DA:187,0
DA:188,0
DA:189,0
DA:190,0
DA:192,0
DA:193,0
DA:197,1
DA:198,0
DA:201,1
DA:202,2
DA:203,2
DA:204,1
DA:207,1
DA:208,1
DA:209,1
DA:211,1
DA:212,0
DA:213,0
DA:215,0
DA:227,1
DA:229,0
DA:230,0
DA:235,1
DA:236,0
DA:239,1
DA:240,1
DA:241,1
DA:242,1
DA:243,0
DA:246,1
DA:247,1
DA:249,1
DA:250,0
DA:251,0
DA:262,1
DA:264,0
DA:265,0
DA:270,1
DA:271,0
DA:274,1
DA:275,1
DA:276,1
DA:280,1
DA:281,0
DA:284,1
DA:285,2
DA:287,2
DA:288,2
DA:290,1
DA:291,0
DA:294,1
DA:295,4
DA:296,4
DA:298,4
DA:307,0
DA:308,0
DA:312,1
DA:314,1
DA:316,1
DA:317,1
DA:322,1
DA:323,0
DA:326,1
DA:327,2
DA:328,2
DA:330,2
DA:331,2
DA:332,2
DA:333,1
DA:334,0
DA:337,1
DA:339,1
DA:340,1
DA:346,1
DA:347,0
DA:350,1
DA:351,0
DA:353,0
DA:354,0
DA:355,0
DA:357,0
DA:359,0
DA:360,0
DA:362,0
DA:363,0
DA:365,0
DA:368,0
DA:369,0
DA:374,1
DA:375,1
DA:378,1
DA:379,1
DA:381,1
DA:382,1
DA:383,0
DA:385,0
DA:387,0
DA:388,0
DA:390,0
DA:391,0
DA:393,1
DA:396,0
DA:397,0
DA:402,1
DA:403,0
DA:404,0
DA:406,0
DA:407,0
DA:408,0
DA:410,0
DA:411,0
DA:412,0
DA:414,0
DA:415,0
DA:417,0
DA:418,0
DA:420,0
DA:423,0
DA:424,0
DA:428,1
DA:429,1
DA:430,1
DA:432,1
DA:433,1
DA:434,0
DA:436,0
DA:437,0
DA:438,0
DA:440,0
DA:441,0
DA:443,0
DA:444,0
DA:446,1
DA:449,0
DA:450,0
DA:454,1
DA:455,0
DA:456,0
DA:458,0
DA:460,0
DA:461,0
DA:463,0
DA:464,0
DA:466,0
DA:467,0
DA:472,1
DA:473,0
DA:474,0
DA:476,0
DA:480,0
DA:481,0
DA:483,0
DA:485,0
DA:486,0
DA:491,1
DA:492,1
DA:494,1
DA:495,1
DA:496,0
DA:498,0
DA:503,0
DA:504,0
DA:507,0
DA:508,0
DA:510,0
DA:511,0
DA:513,0
DA:514,0
DA:516,1
DA:519,0
DA:520,0
DA:525,1
DA:526,2
DA:528,2
DA:529,2
DA:530,1
DA:532,1
DA:533,1
DA:535,1
DA:536,0
DA:538,0
DA:539,0
DA:541,1
DA:544,1
DA:545,1
DA:550,1
DA:551,1
DA:553,1
DA:554,1
DA:555,1
DA:557,1
DA:558,1
DA:560,1
DA:561,0
DA:563,0
DA:564,0
DA:566,0
DA:569,1
DA:570,1
DA:574,1
DA:575,0
DA:577,0
DA:578,0
DA:579,0
DA:581,0
DA:582,0
DA:584,0
DA:585,0
DA:587,0
DA:588,0
DA:590,0
DA:593,0
DA:594,0
DA:598,1
DA:599,0
DA:601,0
DA:602,0
DA:603,0
DA:605,0
DA:607,0
DA:611,0
DA:612,0
DA:615,0
DA:623,0
DA:625,0
DA:626,0
DA:627,0
DA:629,0
DA:630,0
DA:632,0
DA:635,0
DA:636,0
DA:640,1
DA:641,0
DA:643,0
DA:644,0
DA:645,0
DA:647,0
DA:648,0
DA:650,0
DA:651,0
DA:653,0
DA:654,0
DA:656,0
DA:659,0
DA:660,0
DA:664,1
DA:665,0
DA:668,1
DA:669,0
DA:670,0
DA:672,0
DA:673,0
DA:676,0
DA:678,0
DA:680,0
DA:682,0
DA:683,0
DA:688,1
DA:689,0
DA:690,0
DA:691,0
DA:693,0
DA:694,0
DA:697,0
DA:699,0
DA:700,0
DA:703,0
DA:705,0
DA:706,0
DA:711,1
DA:712,0
DA:715,1
DA:716,0
DA:718,0
DA:719,0
DA:721,0
DA:722,0
DA:725,0
DA:726,0
DA:727,0
DA:730,0
DA:731,0
DA:734,0
DA:735,0
DA:736,0
DA:739,0
DA:741,0
DA:745,0
DA:747,0
DA:749,0
DA:750,0
DA:754,0
DA:755,0
DA:760,0
DA:764,0
DA:765,0
DA:770,0
DA:772,0
DA:774,0
DA:777,0
DA:784,1
DA:785,1
DA:788,1
LF:397
LH:162
BRDA:37,0,0,1
BRDA:37,0,1,0
BRDA:45,1,0,0
BRDA:45,1,1,1
BRDA:48,2,0,1
BRDA:48,2,1,0
BRDA:50,3,0,0
BRDA:50,3,1,0
BRDA:54,4,0,0
BRDA:54,4,1,0
BRDA:60,5,0,8
BRDA:60,5,1,3
BRDA:78,6,0,2
BRDA:78,6,1,0
BRDA:78,7,0,2
BRDA:78,7,1,2
BRDA:78,7,2,2
BRDA:79,8,0,1
BRDA:79,8,1,1
BRDA:79,9,0,2
BRDA:79,9,1,1
BRDA:83,10,0,0
BRDA:83,10,1,1
BRDA:83,11,0,1
BRDA:83,11,1,0
BRDA:89,12,0,1
BRDA:89,12,1,0
BRDA:103,13,0,0
BRDA:103,13,1,0
BRDA:108,14,0,0
BRDA:108,14,1,0
BRDA:138,15,0,9
BRDA:138,15,1,0
BRDA:138,16,0,9
BRDA:138,16,1,9
BRDA:141,17,0,1
BRDA:141,17,1,8
BRDA:148,18,0,7
BRDA:148,18,1,1
BRDA:182,19,0,0
BRDA:182,19,1,0
BRDA:203,20,0,1
BRDA:203,20,1,1
BRDA:242,21,0,0
BRDA:242,21,1,1
BRDA:290,22,0,0
BRDA:290,22,1,1
BRDA:290,23,0,1
BRDA:290,23,1,1
BRDA:290,23,2,1
BRDA:333,24,0,0
BRDA:333,24,1,1
BRDA:354,25,0,0
BRDA:354,25,1,0
BRDA:382,26,0,0
BRDA:382,26,1,1
BRDA:407,27,0,0
BRDA:407,27,1,0
BRDA:407,28,0,0
BRDA:407,28,1,0
BRDA:407,28,2,0
BRDA:433,29,0,0
BRDA:433,29,1,1
BRDA:433,30,0,1
BRDA:433,30,1,1
BRDA:433,30,2,1
BRDA:495,31,0,0
BRDA:495,31,1,1
BRDA:495,32,0,1
BRDA:495,32,1,0
BRDA:503,33,0,0
BRDA:503,33,1,0
BRDA:529,34,0,1
BRDA:529,34,1,1
BRDA:529,35,0,2
BRDA:529,35,1,1
BRDA:554,36,0,1
BRDA:554,36,1,0
BRDA:554,37,0,1
BRDA:554,37,1,1
BRDA:578,38,0,0
BRDA:578,38,1,0
BRDA:602,39,0,0
BRDA:602,39,1,0
BRDA:602,40,0,0
BRDA:602,40,1,0
BRDA:602,40,2,0
BRDA:602,40,3,0
BRDA:611,41,0,0
BRDA:611,41,1,0
BRDA:644,42,0,0
BRDA:644,42,1,0
BRDA:644,43,0,0
BRDA:644,43,1,0
BRDA:672,44,0,0
BRDA:672,44,1,0
BRDA:693,45,0,0
BRDA:693,45,1,0
BRDA:699,46,0,0
BRDA:699,46,1,0
BRDA:721,47,0,0
BRDA:721,47,1,0
BRDA:725,48,0,0
BRDA:725,48,1,0
BRDA:725,49,0,0
BRDA:725,49,1,0
BRDA:725,49,2,0
BRDA:726,50,0,0
BRDA:726,50,1,0
BRDA:726,51,0,0
BRDA:726,51,1,0
BRDA:726,51,2,0
BRDA:730,52,0,0
BRDA:730,52,1,0
BRDA:730,53,0,0
BRDA:730,53,1,0
BRDA:735,54,0,0
BRDA:735,54,1,0
BRDA:749,55,0,0
BRDA:749,55,1,0
BRDA:754,56,0,0
BRDA:754,56,1,0
BRDA:764,57,0,0
BRDA:764,57,1,0
BRF:124
BRH:45
end_of_record
TN:
SF:modules/consumer.js
FN:10,(anonymous_0)
FN:17,(anonymous_1)
FN:22,(anonymous_2)
FN:61,(anonymous_3)
FN:88,(anonymous_4)
FN:126,(anonymous_5)
FN:156,(anonymous_6)
FN:167,(anonymous_7)
FN:213,(anonymous_8)
FN:243,(anonymous_9)
FNF:10
FNH:10
FNDA:12,(anonymous_0)
FNDA:1,(anonymous_1)
FNDA:4,(anonymous_2)
FNDA:2,(anonymous_3)
FNDA:2,(anonymous_4)
FNDA:1,(anonymous_5)
FNDA:1,(anonymous_6)
FNDA:1,(anonymous_7)
FNDA:1,(anonymous_8)
FNDA:1,(anonymous_9)
DA:1,3
DA:2,3
DA:3,3
DA:4,3
DA:5,3
DA:8,3
DA:11,12
DA:12,12
DA:13,12
DA:18,1
DA:23,4
DA:24,4
DA:25,5
DA:26,3
DA:27,3
DA:29,2
DA:30,2
DA:31,0
DA:32,0
DA:33,0
DA:36,2
DA:37,2
DA:40,2
DA:41,2
DA:42,2
DA:43,2
DA:44,2
DA:45,2
DA:50,1
DA:52,2
DA:55,3
DA:56,1
DA:62,2
DA:63,2
DA:64,1
DA:65,1
DA:66,1
DA:68,1
DA:69,2
DA:70,1
DA:71,1
DA:75,1
DA:76,1
DA:78,0
DA:82,2
DA:83,1
DA:89,2
DA:90,2
DA:91,2
DA:92,2
DA:93,2
DA:94,2
DA:95,2
DA:97,2
DA:98,1
DA:99,1
DA:100,1
DA:101,1
DA:102,1
DA:103,0
DA:104,0
DA:105,0
DA:106,0
DA:107,0
DA:108,0
DA:111,0
DA:113,0
DA:114,0
DA:115,0
DA:116,0
DA:117,0
DA:119,1
DA:122,0
DA:128,1
DA:129,1
DA:130,1
DA:132,1
DA:133,1
DA:134,1
DA:135,1
DA:136,1
DA:139,1
DA:140,0
DA:143,1
DA:144,1
DA:145,1
DA:146,1
DA:149,1
DA:152,1
DA:153,0
DA:157,1
DA:164,1
DA:171,1
DA:172,0
DA:184,1
DA:185,0
DA:194,1
DA:195,0
DA:196,0
DA:206,0
DA:207,0
DA:214,1
DA:219,1
DA:220,0
DA:223,1
DA:242,1
DA:243,1
DA:244,1
DA:245,0
DA:253,1
DA:258,1
DA:259,1
DA:263,3
LF:113
LH:86
BRDA:10,0,0,0
BRDA:10,1,0,0
BRDA:12,2,0,12
BRDA:12,2,1,1
BRDA:13,3,0,12
BRDA:13,3,1,0
BRDA:25,4,0,3
BRDA:25,4,1,2
BRDA:27,5,0,2
BRDA:27,5,1,1
BRDA:31,6,0,0
BRDA:31,6,1,0
BRDA:36,7,0,2
BRDA:36,7,1,0
BRDA:41,8,0,2
BRDA:41,8,1,0
BRDA:55,9,0,1
BRDA:55,9,1,2
BRDA:64,10,0,1
BRDA:64,10,1,0
BRDA:66,11,0,1
BRDA:66,11,1,0
BRDA:69,12,0,1
BRDA:69,12,1,1
BRDA:82,13,0,1
BRDA:82,13,1,1
BRDA:89,14,0,2
BRDA:89,14,1,0
BRDA:97,15,0,1
BRDA:97,15,1,1
BRDA:105,16,0,0
BRDA:105,16,1,0
BRDA:134,17,0,1
BRDA:134,17,1,0
BRDA:139,18,0,0
BRDA:139,18,1,1
BRDA:144,19,0,1
BRDA:144,19,1,0
BRDA:195,20,0,0
BRDA:195,20,1,0
BRDA:219,21,0,0
BRDA:219,21,1,1
BRDA:244,22,0,0
BRDA:244,22,1,1
BRDA:244,23,0,1
BRDA:244,23,1,0
BRDA:244,23,2,0
BRF:47
BRH:26
end_of_record
TN:
SF:modules/delay.js
FN:2,(anonymous_0)
FN:3,(anonymous_1)
FNF:2
FNH:0
FNDA:0,(anonymous_0)
FNDA:0,(anonymous_1)
DA:1,1
DA:3,0
DA:4,0
DA:9,1
LF:4
LH:2
BRF:0
BRH:0
end_of_record
TN:
SF:modules/pool.js
FNF:0
FNH:0
DA:1,3
DA:4,3
DA:5,3
DA:15,3
DA:19,3
LF:5
LH:5
BRF:0
BRH:0
end_of_record
TN:
SF:modules/producer.js
FN:6,(anonymous_0)
FN:13,(anonymous_1)
FN:24,(anonymous_2)
FN:29,(anonymous_3)
FN:73,(anonymous_4)
FN:109,(anonymous_5)
FN:128,(anonymous_6)
FN:140,(anonymous_7)
FN:162,(anonymous_8)
FNF:9
FNH:6
FNDA:12,(anonymous_0)
FNDA:2,(anonymous_1)
FNDA:0,(anonymous_2)
FNDA:3,(anonymous_3)
FNDA:3,(anonymous_4)
FNDA:3,(anonymous_5)
FNDA:1,(anonymous_6)
FNDA:0,(anonymous_7)
FNDA:0,(anonymous_8)
DA:1,3
DA:4,3
DA:7,12
DA:8,12
DA:9,12
DA:14,2
DA:15,1
DA:17,1
DA:18,1
DA:25,0
DA:30,3
DA:31,3
DA:32,4
DA:33,2
DA:34,2
DA:37,3
DA:38,1
DA:41,2
DA:42,2
DA:43,2
DA:44,1
DA:45,1
DA:46,1
DA:47,1
DA:48,1
DA:51,1
DA:52,0
DA:55,1
DA:56,1
DA:57,1
DA:58,1
DA:59,1
DA:63,1
DA:65,1
DA:67,1
DA:74,3
DA:75,3
DA:76,4
DA:77,2
DA:78,2
DA:81,3
DA:82,1
DA:85,3
DA:86,6
DA:87,3
DA:88,3
DA:89,4
DA:90,2
DA:91,2
DA:92,1
DA:93,1
DA:94,1
DA:95,1
DA:97,1
DA:101,2
DA:102,1
DA:110,3
DA:111,3
DA:112,4
DA:113,2
DA:114,2
DA:115,1
DA:116,1
DA:117,1
DA:119,1
DA:123,2
DA:124,1
DA:129,1
DA:136,1
DA:141,0
DA:146,0
DA:147,0
DA:150,0
DA:155,0
DA:156,0
DA:158,0
DA:159,0
DA:163,0
DA:168,0
DA:169,0
DA:172,0
DA:174,0
DA:179,0
DA:181,0
DA:182,0
DA:186,3
LF:86
LH:68
BRDA:6,0,0,0
BRDA:6,1,0,0
BRDA:8,2,0,12
BRDA:8,2,1,0
BRDA:9,3,0,12
BRDA:9,3,1,0
BRDA:14,4,0,1
BRDA:14,4,1,1
BRDA:17,5,0,1
BRDA:17,5,1,0
BRDA:32,6,0,2
BRDA:32,6,1,2
BRDA:37,7,0,1
BRDA:37,7,1,2
BRDA:42,8,0,2
BRDA:42,8,1,0
BRDA:43,9,0,1
BRDA:43,9,1,1
BRDA:46,10,0,1
BRDA:46,10,1,0
BRDA:51,11,0,0
BRDA:51,11,1,1
BRDA:56,12,0,1
BRDA:56,12,1,0
BRDA:76,13,0,2
BRDA:76,13,1,2
BRDA:81,14,0,1
BRDA:81,14,1,2
BRDA:86,15,0,3
BRDA:86,15,1,3
BRDA:89,16,0,2
BRDA:89,16,1,2
BRDA:91,17,0,1
BRDA:91,17,1,1
BRDA:101,18,0,1
BRDA:101,18,1,1
BRDA:112,19,0,2
BRDA:112,19,1,2
BRDA:114,20,0,1
BRDA:114,20,1,1
BRDA:123,21,0,1
BRDA:123,21,1,1
BRDA:146,22,0,0
BRDA:146,22,1,0
BRDA:168,23,0,0
BRDA:168,23,1,0
BRF:46
BRH:33
end_of_record
TN:
SF:modules/product.js
FN:6,(anonymous_0)
FN:14,(anonymous_1)
FNF:2
FNH:2
FNDA:7,(anonymous_0)
FNDA:8,(anonymous_1)
DA:1,2
DA:4,2
DA:7,7
DA:8,7
DA:9,7
DA:10,7
DA:15,8
DA:20,8
DA:21,1
DA:24,7
DA:26,7
DA:27,7
DA:31,2
LF:13
LH:13
BRDA:20,0,0,1
BRDA:20,0,1,7
BRF:2
BRH:2
end_of_record
TN:
SF:modules/shop.js
FN:6,(anonymous_0)
FN:12,(anonymous_1)
FN:39,(anonymous_2)
FN:64,(anonymous_3)
FN:92,(anonymous_4)
FN:111,(anonymous_5)
FN:139,(anonymous_6)
FNF:7
FNH:7
FNDA:9,(anonymous_0)
FNDA:1,(anonymous_1)
FNDA:1,(anonymous_2)
FNDA:4,(anonymous_3)
FNDA:6,(anonymous_4)
FNDA:2,(anonymous_5)
FNDA:2,(anonymous_6)
DA:1,3
DA:4,3
DA:7,9
DA:8,9
DA:9,9
DA:16,1
DA:17,2
DA:28,1
DA:29,2
DA:43,1
DA:52,1
DA:53,2
DA:65,4
DA:70,4
DA:71,2
DA:74,2
DA:91,2
DA:92,2
DA:93,6
DA:94,6
DA:102,2
DA:107,2
DA:108,2
DA:112,2
DA:117,2
DA:118,1
DA:121,1
DA:138,1
DA:139,1
DA:140,2
DA:141,2
DA:149,1
DA:154,1
DA:155,1
DA:159,3
LF:35
LH:35
BRDA:6,0,0,0
BRDA:9,1,0,9
BRDA:9,1,1,0
BRDA:70,2,0,2
BRDA:70,2,1,2
BRDA:93,3,0,6
BRDA:93,3,1,0
BRDA:93,4,0,6
BRDA:93,4,1,6
BRDA:93,4,2,6
BRDA:117,5,0,1
BRDA:117,5,1,1
BRDA:140,6,0,2
BRDA:140,6,1,0
BRDA:140,7,0,2
BRDA:140,7,1,2
BRDA:140,7,2,2
BRF:17
BRH:13
end_of_record
TN:
SF:modules/user.js
FN:8,checkMoneyValue
FN:19,checkQuantityValue
FN:31,(anonymous_2)
FN:57,(anonymous_3)
FN:76,(anonymous_4)
FN:86,(anonymous_5)
FN:100,(anonymous_6)
FN:110,(anonymous_7)
FN:120,(anonymous_8)
FN:126,(anonymous_9)
FN:136,(anonymous_10)
FN:146,(anonymous_11)
FN:154,(anonymous_12)
FN:177,(anonymous_13)
FN:221,(anonymous_14)
FN:277,(anonymous_15)
FN:297,(anonymous_16)
FN:335,(anonymous_17)
FN:355,(anonymous_18)
FN:393,(anonymous_19)
FN:413,(anonymous_20)
FN:451,(anonymous_21)
FNF:22
FNH:6
FNDA:0,checkMoneyValue
FNDA:0,checkQuantityValue
FNDA:4,(anonymous_2)
FNDA:2,(anonymous_3)
FNDA:0,(anonymous_4)
FNDA:0,(anonymous_5)
FNDA:0,(anonymous_6)
FNDA:0,(anonymous_7)
FNDA:0,(anonymous_8)
FNDA:1,(anonymous_9)
FNDA:1,(anonymous_10)
FNDA:0,(anonymous_11)
FNDA:0,(anonymous_12)
FNDA:0,(anonymous_13)
FNDA:4,(anonymous_14)
FNDA:4,(anonymous_15)
FNDA:0,(anonymous_16)
FNDA:0,(anonymous_17)
FNDA:0,(anonymous_18)
FNDA:0,(anonymous_19)
FNDA:0,(anonymous_20)
FNDA:0,(anonymous_21)
DA:1,2
DA:2,2
DA:3,2
DA:4,2
DA:9,0
DA:10,0
DA:12,0
DA:13,0
DA:20,0
DA:21,0
DA:23,0
DA:24,0
DA:29,2
DA:32,4
DA:33,4
DA:34,4
DA:35,4
DA:36,4
DA:37,4
DA:38,4
DA:39,4
DA:40,4
DA:41,0
DA:42,0
DA:43,0
DA:44,0
DA:45,0
DA:46,0
DA:47,0
DA:48,0
DA:50,0
DA:51,0
DA:52,0
DA:58,2
DA:59,0
DA:60,0
DA:62,2
DA:63,2
DA:64,2
DA:66,0
DA:67,0
DA:68,0
DA:71,0
DA:77,0
DA:78,0
DA:79,0
DA:80,0
DA:81,0
DA:82,0
DA:87,0
DA:88,0
DA:89,0
DA:90,0
DA:91,0
DA:92,0
DA:93,0
DA:95,0
DA:101,0
DA:102,0
DA:103,0
DA:104,0
DA:105,0
DA:106,0
DA:111,0
DA:112,0
DA:113,0
DA:114,0
DA:115,0
DA:116,0
DA:121,0
DA:122,0
DA:123,0
DA:127,1
DA:128,0
DA:129,0
DA:130,0
DA:131,0
DA:132,0
DA:133,0
DA:137,1
DA:138,0
DA:139,0
DA:140,0
DA:141,0
DA:142,0
DA:143,0
DA:147,0
DA:148,0
DA:149,0
DA:150,0
DA:151,0
DA:155,0
DA:157,0
DA:158,0
DA:159,0
DA:160,0
DA:161,0
DA:164,0
DA:165,0
DA:168,0
DA:169,0
DA:170,0
DA:171,0
DA:174,0
DA:181,0
DA:182,0
DA:193,0
DA:194,0
DA:203,0
DA:204,0
DA:205,0
DA:214,0
DA:222,4
DA:227,4
DA:228,0
DA:231,4
DA:232,4
DA:234,4
DA:239,4
DA:244,4
DA:249,4
DA:250,4
DA:251,4
DA:252,0
DA:253,0
DA:254,0
DA:255,0
DA:256,0
DA:257,0
DA:260,4
DA:276,4
DA:277,4
DA:278,4
DA:279,0
DA:286,4
DA:293,4
DA:294,4
DA:298,0
DA:303,0
DA:304,0
DA:307,0
DA:309,0
DA:314,0
DA:315,0
DA:318,0
DA:334,0
DA:335,0
DA:336,0
DA:337,0
DA:344,0
DA:351,0
DA:352,0
DA:356,0
DA:361,0
DA:362,0
DA:365,0
DA:367,0
DA:372,0
DA:373,0
DA:376,0
DA:392,0
DA:393,0
DA:394,0
DA:395,0
DA:402,0
DA:409,0
DA:410,0
DA:414,0
DA:419,0
DA:420,0
DA:423,0
DA:425,0
DA:430,0
DA:431,0
DA:434,0
DA:450,0
DA:451,0
DA:452,0
DA:453,0
DA:460,0
DA:467,0
DA:468,0
DA:472,2
LF:183
LH:38
BRDA:9,0,0,0
BRDA:9,0,1,0
BRDA:12,1,0,0
BRDA:12,1,1,0
BRDA:20,2,0,0
BRDA:20,2,1,0
BRDA:23,3,0,0
BRDA:23,3,1,0
BRDA:31,4,0,0
BRDA:31,5,0,0
BRDA:31,6,0,0
BRDA:35,7,0,4
BRDA:35,7,1,0
BRDA:37,8,0,4
BRDA:37,8,1,0
BRDA:41,9,0,0
BRDA:41,9,1,0
BRDA:45,10,0,0
BRDA:45,10,1,0
BRDA:58,11,0,0
BRDA:58,11,1,2
BRDA:59,12,0,0
BRDA:59,12,1,0
BRDA:62,13,0,2
BRDA:62,13,1,0
BRDA:63,14,0,2
BRDA:63,14,1,0
BRDA:66,15,0,0
BRDA:66,15,1,0
BRDA:67,16,0,0
BRDA:67,16,1,0
BRDA:90,17,0,0
BRDA:90,17,1,0
BRDA:159,18,0,0
BRDA:159,18,1,0
BRDA:164,19,0,0
BRDA:164,19,1,0
BRDA:169,20,0,0
BRDA:169,20,1,0
BRDA:204,21,0,0
BRDA:204,21,1,0
BRDA:227,22,0,0
BRDA:227,22,1,4
BRDA:249,23,0,4
BRDA:249,23,1,0
BRDA:252,24,0,0
BRDA:252,24,1,0
BRDA:255,25,0,0
BRDA:255,25,1,0
BRDA:278,26,0,0
BRDA:278,26,1,4
BRDA:278,27,0,4
BRDA:278,27,1,0
BRDA:303,28,0,0
BRDA:303,28,1,0
BRDA:314,29,0,0
BRDA:314,29,1,0
BRDA:336,30,0,0
BRDA:336,30,1,0
BRDA:336,31,0,0
BRDA:336,31,1,0
BRDA:361,32,0,0
BRDA:361,32,1,0
BRDA:372,33,0,0
BRDA:372,33,1,0
BRDA:394,34,0,0
BRDA:394,34,1,0
BRDA:394,35,0,0
BRDA:394,35,1,0
BRDA:419,36,0,0
BRDA:419,36,1,0
BRDA:430,37,0,0
BRDA:430,37,1,0
BRDA:452,38,0,0
BRDA:452,38,1,0
BRDA:452,39,0,0
BRDA:452,39,1,0
BRF:77
BRH:9
end_of_record
